2018-05-24 08:54:44,033 - Starting PcenterApplication on SKY-20171023NXB with PID 5788 (C:\Users\Administrator\Desktop\pcenter\target\classes started by Administrator in C:\Users\Administrator\Desktop\pcenter)
2018-05-24 08:54:44,037 - No active profile set, falling back to default profiles: default
2018-05-24 08:54:44,105 - Refreshing org.springframework.boot.web.servlet.context.AnnotationConfigServletWebServerApplicationContext@395b56bb: startup date [Thu May 24 08:54:44 CST 2018]; root of context hierarchy
2018-05-24 08:54:45,007 - No MyBatis mapper was found in '[com.flowyj.pcenter.mapper]' package. Please check your configuration.
2018-05-24 08:54:45,008 - Cannot enhance @Configuration bean definition 'myBatisMapperScannerConfig' since its singleton instance has been created too early. The typical cause is a non-static @Bean method with a BeanDefinitionRegistryPostProcessor return type: Consider declaring such methods as 'static'.
2018-05-24 08:54:45,836 - Exception encountered during context initialization - cancelling refresh attempt: org.springframework.context.ApplicationContextException: Unable to start web server; nested exception is org.springframework.beans.factory.BeanCreationException: Error creating bean with name 'tomcatServletWebServerFactory' defined in class path resource [org/springframework/boot/autoconfigure/web/servlet/ServletWebServerFactoryConfiguration$EmbeddedTomcat.class]: Initialization of bean failed; nested exception is org.springframework.beans.factory.BeanCreationException: Error creating bean with name 'org.springframework.boot.autoconfigure.web.servlet.error.ErrorMvcAutoConfiguration': Bean instantiation via constructor failed; nested exception is org.springframework.beans.BeanInstantiationException: Failed to instantiate [org.springframework.boot.autoconfigure.web.servlet.error.ErrorMvcAutoConfiguration$$EnhancerBySpringCGLIB$$e0b5f785]: Constructor threw exception; nested exception is org.springframework.beans.factory.UnsatisfiedDependencyException: Error creating bean with name 'org.springframework.boot.autoconfigure.web.servlet.error.ErrorMvcAutoConfiguration$DefaultErrorViewResolverConfiguration': Unsatisfied dependency expressed through constructor parameter 1; nested exception is org.springframework.boot.context.properties.ConfigurationPropertiesBindException: Error creating bean with name 'spring.resources-org.springframework.boot.autoconfigure.web.ResourceProperties': Could not bind properties to 'ResourceProperties' : prefix=spring.resources, ignoreInvalidFields=false, ignoreUnknownFields=false; nested exception is org.springframework.boot.context.properties.bind.BindException: Failed to bind properties under 'spring.resources' to org.springframework.boot.autoconfigure.web.ResourceProperties
2018-05-24 08:54:45,856 - Error calling ApplicationEventListener
java.lang.IllegalStateException: Restarter has not been initialized
	at org.springframework.util.Assert.state(Assert.java:73)
	at org.springframework.boot.devtools.restart.Restarter.getInstance(Restarter.java:543)
	at org.springframework.boot.devtools.restart.RestartApplicationListener.onApplicationEvent(RestartApplicationListener.java:50)
	at org.springframework.context.event.SimpleApplicationEventMulticaster.doInvokeListener(SimpleApplicationEventMulticaster.java:172)
	at org.springframework.context.event.SimpleApplicationEventMulticaster.invokeListener(SimpleApplicationEventMulticaster.java:158)
	at org.springframework.context.event.SimpleApplicationEventMulticaster.multicastEvent(SimpleApplicationEventMulticaster.java:139)
	at org.springframework.context.event.SimpleApplicationEventMulticaster.multicastEvent(SimpleApplicationEventMulticaster.java:127)
	at org.springframework.boot.context.event.EventPublishingRunListener.failed(EventPublishingRunListener.java:126)
	at org.springframework.boot.SpringApplicationRunListeners.callFailedListener(SpringApplicationRunListeners.java:91)
	at org.springframework.boot.SpringApplicationRunListeners.failed(SpringApplicationRunListeners.java:84)
	at org.springframework.boot.SpringApplication.handleRunFailure(SpringApplication.java:812)
	at org.springframework.boot.SpringApplication.run(SpringApplication.java:338)
	at org.springframework.boot.SpringApplication.run(SpringApplication.java:1255)
	at org.springframework.boot.SpringApplication.run(SpringApplication.java:1243)
	at com.flowyj.pcenter.PcenterApplication.main(PcenterApplication.java:10)
2018-05-24 08:54:45,860 - 

Error starting ApplicationContext. To display the conditions report re-run your application with 'debug' enabled.
2018-05-24 09:49:43,286 - Starting PcenterApplication on SKY-20171023NXB with PID 7468 (D:\project\2018\project\pcenter\target\classes started by Administrator in D:\project\2018\project\pcenter)
2018-05-24 09:49:43,290 - No active profile set, falling back to default profiles: default
2018-05-24 09:49:43,395 - Refreshing org.springframework.boot.web.servlet.context.AnnotationConfigServletWebServerApplicationContext@f80945f: startup date [Thu May 24 09:49:43 CST 2018]; root of context hierarchy
2018-05-24 09:49:43,977 - No MyBatis mapper was found in '[com.flowyj.pcenter.mapper]' package. Please check your configuration.
2018-05-24 09:49:43,979 - Cannot enhance @Configuration bean definition 'myBatisMapperScannerConfig' since its singleton instance has been created too early. The typical cause is a non-static @Bean method with a BeanDefinitionRegistryPostProcessor return type: Consider declaring such methods as 'static'.
2018-05-24 09:49:44,549 - Exception encountered during context initialization - cancelling refresh attempt: org.springframework.context.ApplicationContextException: Unable to start web server; nested exception is org.springframework.beans.factory.BeanCreationException: Error creating bean with name 'tomcatServletWebServerFactory' defined in class path resource [org/springframework/boot/autoconfigure/web/servlet/ServletWebServerFactoryConfiguration$EmbeddedTomcat.class]: Initialization of bean failed; nested exception is org.springframework.beans.factory.BeanCreationException: Error creating bean with name 'org.springframework.boot.autoconfigure.web.servlet.error.ErrorMvcAutoConfiguration': Bean instantiation via constructor failed; nested exception is org.springframework.beans.BeanInstantiationException: Failed to instantiate [org.springframework.boot.autoconfigure.web.servlet.error.ErrorMvcAutoConfiguration$$EnhancerBySpringCGLIB$$8fb68877]: Constructor threw exception; nested exception is org.springframework.beans.factory.UnsatisfiedDependencyException: Error creating bean with name 'org.springframework.boot.autoconfigure.web.servlet.error.ErrorMvcAutoConfiguration$DefaultErrorViewResolverConfiguration': Unsatisfied dependency expressed through constructor parameter 1; nested exception is org.springframework.boot.context.properties.ConfigurationPropertiesBindException: Error creating bean with name 'spring.resources-org.springframework.boot.autoconfigure.web.ResourceProperties': Could not bind properties to 'ResourceProperties' : prefix=spring.resources, ignoreInvalidFields=false, ignoreUnknownFields=false; nested exception is org.springframework.boot.context.properties.bind.BindException: Failed to bind properties under 'spring.resources' to org.springframework.boot.autoconfigure.web.ResourceProperties
2018-05-24 09:49:44,554 - Error calling ApplicationEventListener
java.lang.IllegalStateException: Restarter has not been initialized
	at org.springframework.util.Assert.state(Assert.java:73)
	at org.springframework.boot.devtools.restart.Restarter.getInstance(Restarter.java:543)
	at org.springframework.boot.devtools.restart.RestartApplicationListener.onApplicationEvent(RestartApplicationListener.java:50)
	at org.springframework.context.event.SimpleApplicationEventMulticaster.doInvokeListener(SimpleApplicationEventMulticaster.java:172)
	at org.springframework.context.event.SimpleApplicationEventMulticaster.invokeListener(SimpleApplicationEventMulticaster.java:158)
	at org.springframework.context.event.SimpleApplicationEventMulticaster.multicastEvent(SimpleApplicationEventMulticaster.java:139)
	at org.springframework.context.event.SimpleApplicationEventMulticaster.multicastEvent(SimpleApplicationEventMulticaster.java:127)
	at org.springframework.boot.context.event.EventPublishingRunListener.failed(EventPublishingRunListener.java:126)
	at org.springframework.boot.SpringApplicationRunListeners.callFailedListener(SpringApplicationRunListeners.java:91)
	at org.springframework.boot.SpringApplicationRunListeners.failed(SpringApplicationRunListeners.java:84)
	at org.springframework.boot.SpringApplication.handleRunFailure(SpringApplication.java:812)
	at org.springframework.boot.SpringApplication.run(SpringApplication.java:338)
	at org.springframework.boot.SpringApplication.run(SpringApplication.java:1255)
	at org.springframework.boot.SpringApplication.run(SpringApplication.java:1243)
	at com.flowyj.pcenter.PcenterApplication.main(PcenterApplication.java:10)
2018-05-24 09:49:44,559 - 

Error starting ApplicationContext. To display the conditions report re-run your application with 'debug' enabled.
2018-05-24 10:55:39,785 - Starting PcenterApplication on SKY-20171023NXB with PID 5280 (D:\project\2018\project\pcenter\target\classes started by Administrator in D:\project\2018\project\pcenter)
2018-05-24 10:55:39,790 - No active profile set, falling back to default profiles: default
2018-05-24 10:55:39,888 - Refreshing org.springframework.boot.web.servlet.context.AnnotationConfigServletWebServerApplicationContext@68ad99fe: startup date [Thu May 24 10:55:39 CST 2018]; root of context hierarchy
2018-05-24 10:55:40,355 - Closing org.springframework.boot.web.servlet.context.AnnotationConfigServletWebServerApplicationContext@68ad99fe: startup date [Thu May 24 10:55:39 CST 2018]; root of context hierarchy
2018-05-24 10:59:39,633 - Starting PcenterApplication on SKY-20171023NXB with PID 6916 (D:\project\2018\project\pcenter\target\classes started by Administrator in D:\project\2018\project\pcenter)
2018-05-24 10:59:39,637 - No active profile set, falling back to default profiles: default
2018-05-24 10:59:39,796 - Refreshing org.springframework.boot.web.servlet.context.AnnotationConfigServletWebServerApplicationContext@2631f68c: startup date [Thu May 24 10:59:39 CST 2018]; root of context hierarchy
2018-05-24 10:59:40,263 - Closing org.springframework.boot.web.servlet.context.AnnotationConfigServletWebServerApplicationContext@2631f68c: startup date [Thu May 24 10:59:39 CST 2018]; root of context hierarchy
2018-05-24 11:00:37,592 - Starting PcenterApplication on SKY-20171023NXB with PID 3996 (D:\project\2018\project\pcenter\target\classes started by Administrator in D:\project\2018\project\pcenter)
2018-05-24 11:00:37,595 - No active profile set, falling back to default profiles: default
2018-05-24 11:00:37,682 - Refreshing org.springframework.boot.web.servlet.context.AnnotationConfigServletWebServerApplicationContext@576f63f6: startup date [Thu May 24 11:00:37 CST 2018]; root of context hierarchy
2018-05-24 11:00:38,211 - No MyBatis mapper was found in '[com.flowyj.pcenter.mapper]' package. Please check your configuration.
2018-05-24 11:00:38,211 - Cannot enhance @Configuration bean definition 'myBatisMapperScannerConfig' since its singleton instance has been created too early. The typical cause is a non-static @Bean method with a BeanDefinitionRegistryPostProcessor return type: Consider declaring such methods as 'static'.
2018-05-24 11:00:38,744 - Exception encountered during context initialization - cancelling refresh attempt: org.springframework.context.ApplicationContextException: Unable to start web server; nested exception is org.springframework.beans.factory.BeanCreationException: Error creating bean with name 'tomcatServletWebServerFactory' defined in class path resource [org/springframework/boot/autoconfigure/web/servlet/ServletWebServerFactoryConfiguration$EmbeddedTomcat.class]: Initialization of bean failed; nested exception is org.springframework.beans.factory.BeanCreationException: Error creating bean with name 'org.springframework.boot.autoconfigure.web.servlet.error.ErrorMvcAutoConfiguration': Bean instantiation via constructor failed; nested exception is org.springframework.beans.BeanInstantiationException: Failed to instantiate [org.springframework.boot.autoconfigure.web.servlet.error.ErrorMvcAutoConfiguration$$EnhancerBySpringCGLIB$$468d50b1]: Constructor threw exception; nested exception is org.springframework.beans.factory.UnsatisfiedDependencyException: Error creating bean with name 'org.springframework.boot.autoconfigure.web.servlet.error.ErrorMvcAutoConfiguration$DefaultErrorViewResolverConfiguration': Unsatisfied dependency expressed through constructor parameter 1; nested exception is org.springframework.boot.context.properties.ConfigurationPropertiesBindException: Error creating bean with name 'spring.resources-org.springframework.boot.autoconfigure.web.ResourceProperties': Could not bind properties to 'ResourceProperties' : prefix=spring.resources, ignoreInvalidFields=false, ignoreUnknownFields=false; nested exception is org.springframework.boot.context.properties.bind.BindException: Failed to bind properties under 'spring.resources' to org.springframework.boot.autoconfigure.web.ResourceProperties
2018-05-24 11:00:38,750 - Error calling ApplicationEventListener
java.lang.IllegalStateException: Restarter has not been initialized
	at org.springframework.util.Assert.state(Assert.java:73)
	at org.springframework.boot.devtools.restart.Restarter.getInstance(Restarter.java:543)
	at org.springframework.boot.devtools.restart.RestartApplicationListener.onApplicationEvent(RestartApplicationListener.java:50)
	at org.springframework.context.event.SimpleApplicationEventMulticaster.doInvokeListener(SimpleApplicationEventMulticaster.java:172)
	at org.springframework.context.event.SimpleApplicationEventMulticaster.invokeListener(SimpleApplicationEventMulticaster.java:158)
	at org.springframework.context.event.SimpleApplicationEventMulticaster.multicastEvent(SimpleApplicationEventMulticaster.java:139)
	at org.springframework.context.event.SimpleApplicationEventMulticaster.multicastEvent(SimpleApplicationEventMulticaster.java:127)
	at org.springframework.boot.context.event.EventPublishingRunListener.failed(EventPublishingRunListener.java:126)
	at org.springframework.boot.SpringApplicationRunListeners.callFailedListener(SpringApplicationRunListeners.java:91)
	at org.springframework.boot.SpringApplicationRunListeners.failed(SpringApplicationRunListeners.java:84)
	at org.springframework.boot.SpringApplication.handleRunFailure(SpringApplication.java:812)
	at org.springframework.boot.SpringApplication.run(SpringApplication.java:338)
	at org.springframework.boot.SpringApplication.run(SpringApplication.java:1255)
	at org.springframework.boot.SpringApplication.run(SpringApplication.java:1243)
	at com.flowyj.pcenter.PcenterApplication.main(PcenterApplication.java:11)
2018-05-24 11:00:38,755 - 

Error starting ApplicationContext. To display the conditions report re-run your application with 'debug' enabled.
2018-05-24 11:01:14,660 - Starting PcenterApplication on SKY-20171023NXB with PID 3864 (D:\project\2018\project\pcenter\target\classes started by Administrator in D:\project\2018\project\pcenter)
2018-05-24 11:01:14,665 - No active profile set, falling back to default profiles: default
2018-05-24 11:01:14,734 - Refreshing org.springframework.boot.web.servlet.context.AnnotationConfigServletWebServerApplicationContext@1e8ce150: startup date [Thu May 24 11:01:14 CST 2018]; root of context hierarchy
2018-05-24 11:01:15,419 - No MyBatis mapper was found in '[com.flowyj.pcenter.mapper]' package. Please check your configuration.
2018-05-24 11:01:15,420 - Cannot enhance @Configuration bean definition 'myBatisMapperScannerConfig' since its singleton instance has been created too early. The typical cause is a non-static @Bean method with a BeanDefinitionRegistryPostProcessor return type: Consider declaring such methods as 'static'.
2018-05-24 11:01:15,976 - Exception encountered during context initialization - cancelling refresh attempt: org.springframework.context.ApplicationContextException: Unable to start web server; nested exception is org.springframework.beans.factory.BeanCreationException: Error creating bean with name 'tomcatServletWebServerFactory' defined in class path resource [org/springframework/boot/autoconfigure/web/servlet/ServletWebServerFactoryConfiguration$EmbeddedTomcat.class]: Initialization of bean failed; nested exception is org.springframework.beans.factory.BeanCreationException: Error creating bean with name 'org.springframework.boot.autoconfigure.web.servlet.error.ErrorMvcAutoConfiguration': Bean instantiation via constructor failed; nested exception is org.springframework.beans.BeanInstantiationException: Failed to instantiate [org.springframework.boot.autoconfigure.web.servlet.error.ErrorMvcAutoConfiguration$$EnhancerBySpringCGLIB$$bc5fa8b2]: Constructor threw exception; nested exception is org.springframework.beans.factory.UnsatisfiedDependencyException: Error creating bean with name 'org.springframework.boot.autoconfigure.web.servlet.error.ErrorMvcAutoConfiguration$DefaultErrorViewResolverConfiguration': Unsatisfied dependency expressed through constructor parameter 1; nested exception is org.springframework.boot.context.properties.ConfigurationPropertiesBindException: Error creating bean with name 'spring.resources-org.springframework.boot.autoconfigure.web.ResourceProperties': Could not bind properties to 'ResourceProperties' : prefix=spring.resources, ignoreInvalidFields=false, ignoreUnknownFields=false; nested exception is org.springframework.boot.context.properties.bind.BindException: Failed to bind properties under 'spring.resources' to org.springframework.boot.autoconfigure.web.ResourceProperties
2018-05-24 11:01:15,983 - Error calling ApplicationEventListener
java.lang.IllegalStateException: Restarter has not been initialized
	at org.springframework.util.Assert.state(Assert.java:73)
	at org.springframework.boot.devtools.restart.Restarter.getInstance(Restarter.java:543)
	at org.springframework.boot.devtools.restart.RestartApplicationListener.onApplicationEvent(RestartApplicationListener.java:50)
	at org.springframework.context.event.SimpleApplicationEventMulticaster.doInvokeListener(SimpleApplicationEventMulticaster.java:172)
	at org.springframework.context.event.SimpleApplicationEventMulticaster.invokeListener(SimpleApplicationEventMulticaster.java:158)
	at org.springframework.context.event.SimpleApplicationEventMulticaster.multicastEvent(SimpleApplicationEventMulticaster.java:139)
	at org.springframework.context.event.SimpleApplicationEventMulticaster.multicastEvent(SimpleApplicationEventMulticaster.java:127)
	at org.springframework.boot.context.event.EventPublishingRunListener.failed(EventPublishingRunListener.java:126)
	at org.springframework.boot.SpringApplicationRunListeners.callFailedListener(SpringApplicationRunListeners.java:91)
	at org.springframework.boot.SpringApplicationRunListeners.failed(SpringApplicationRunListeners.java:84)
	at org.springframework.boot.SpringApplication.handleRunFailure(SpringApplication.java:812)
	at org.springframework.boot.SpringApplication.run(SpringApplication.java:338)
	at org.springframework.boot.SpringApplication.run(SpringApplication.java:1255)
	at org.springframework.boot.SpringApplication.run(SpringApplication.java:1243)
	at com.flowyj.pcenter.PcenterApplication.main(PcenterApplication.java:11)
2018-05-24 11:01:15,988 - 

Error starting ApplicationContext. To display the conditions report re-run your application with 'debug' enabled.
2018-05-24 11:02:20,576 - Starting PcenterApplication on SKY-20171023NXB with PID 5020 (D:\project\2018\project\pcenter\target\classes started by Administrator in D:\project\2018\project\pcenter)
2018-05-24 11:02:20,580 - No active profile set, falling back to default profiles: default
2018-05-24 11:02:20,635 - Refreshing org.springframework.boot.web.servlet.context.AnnotationConfigServletWebServerApplicationContext@576f63f6: startup date [Thu May 24 11:02:20 CST 2018]; root of context hierarchy
2018-05-24 11:02:21,348 - Cannot enhance @Configuration bean definition 'myBatisMapperScannerConfig' since its singleton instance has been created too early. The typical cause is a non-static @Bean method with a BeanDefinitionRegistryPostProcessor return type: Consider declaring such methods as 'static'.
2018-05-24 11:02:21,899 - Exception encountered during context initialization - cancelling refresh attempt: org.springframework.context.ApplicationContextException: Unable to start web server; nested exception is org.springframework.beans.factory.BeanCreationException: Error creating bean with name 'tomcatServletWebServerFactory' defined in class path resource [org/springframework/boot/autoconfigure/web/servlet/ServletWebServerFactoryConfiguration$EmbeddedTomcat.class]: Initialization of bean failed; nested exception is org.springframework.beans.factory.BeanCreationException: Error creating bean with name 'org.springframework.boot.autoconfigure.web.servlet.error.ErrorMvcAutoConfiguration': Bean instantiation via constructor failed; nested exception is org.springframework.beans.BeanInstantiationException: Failed to instantiate [org.springframework.boot.autoconfigure.web.servlet.error.ErrorMvcAutoConfiguration$$EnhancerBySpringCGLIB$$5d1e40ed]: Constructor threw exception; nested exception is org.springframework.beans.factory.UnsatisfiedDependencyException: Error creating bean with name 'org.springframework.boot.autoconfigure.web.servlet.error.ErrorMvcAutoConfiguration$DefaultErrorViewResolverConfiguration': Unsatisfied dependency expressed through constructor parameter 1; nested exception is org.springframework.boot.context.properties.ConfigurationPropertiesBindException: Error creating bean with name 'spring.resources-org.springframework.boot.autoconfigure.web.ResourceProperties': Could not bind properties to 'ResourceProperties' : prefix=spring.resources, ignoreInvalidFields=false, ignoreUnknownFields=false; nested exception is org.springframework.boot.context.properties.bind.BindException: Failed to bind properties under 'spring.resources' to org.springframework.boot.autoconfigure.web.ResourceProperties
2018-05-24 11:02:21,915 - Error calling ApplicationEventListener
java.lang.IllegalStateException: Restarter has not been initialized
	at org.springframework.util.Assert.state(Assert.java:73)
	at org.springframework.boot.devtools.restart.Restarter.getInstance(Restarter.java:543)
	at org.springframework.boot.devtools.restart.RestartApplicationListener.onApplicationEvent(RestartApplicationListener.java:50)
	at org.springframework.context.event.SimpleApplicationEventMulticaster.doInvokeListener(SimpleApplicationEventMulticaster.java:172)
	at org.springframework.context.event.SimpleApplicationEventMulticaster.invokeListener(SimpleApplicationEventMulticaster.java:158)
	at org.springframework.context.event.SimpleApplicationEventMulticaster.multicastEvent(SimpleApplicationEventMulticaster.java:139)
	at org.springframework.context.event.SimpleApplicationEventMulticaster.multicastEvent(SimpleApplicationEventMulticaster.java:127)
	at org.springframework.boot.context.event.EventPublishingRunListener.failed(EventPublishingRunListener.java:126)
	at org.springframework.boot.SpringApplicationRunListeners.callFailedListener(SpringApplicationRunListeners.java:91)
	at org.springframework.boot.SpringApplicationRunListeners.failed(SpringApplicationRunListeners.java:84)
	at org.springframework.boot.SpringApplication.handleRunFailure(SpringApplication.java:812)
	at org.springframework.boot.SpringApplication.run(SpringApplication.java:338)
	at org.springframework.boot.SpringApplication.run(SpringApplication.java:1255)
	at org.springframework.boot.SpringApplication.run(SpringApplication.java:1243)
	at com.flowyj.pcenter.PcenterApplication.main(PcenterApplication.java:11)
2018-05-24 11:02:21,920 - 

Error starting ApplicationContext. To display the conditions report re-run your application with 'debug' enabled.
2018-05-24 11:02:48,738 - Starting PcenterApplication on SKY-20171023NXB with PID 2804 (D:\project\2018\project\pcenter\target\classes started by Administrator in D:\project\2018\project\pcenter)
2018-05-24 11:02:48,742 - No active profile set, falling back to default profiles: default
2018-05-24 11:02:48,784 - Refreshing org.springframework.boot.web.servlet.context.AnnotationConfigServletWebServerApplicationContext@604f2bd2: startup date [Thu May 24 11:02:48 CST 2018]; root of context hierarchy
2018-05-24 11:02:49,411 - Cannot enhance @Configuration bean definition 'myBatisMapperScannerConfig' since its singleton instance has been created too early. The typical cause is a non-static @Bean method with a BeanDefinitionRegistryPostProcessor return type: Consider declaring such methods as 'static'.
2018-05-24 11:02:49,958 - Exception encountered during context initialization - cancelling refresh attempt: org.springframework.context.ApplicationContextException: Unable to start web server; nested exception is org.springframework.beans.factory.BeanCreationException: Error creating bean with name 'tomcatServletWebServerFactory' defined in class path resource [org/springframework/boot/autoconfigure/web/servlet/ServletWebServerFactoryConfiguration$EmbeddedTomcat.class]: Initialization of bean failed; nested exception is org.springframework.beans.factory.BeanCreationException: Error creating bean with name 'org.springframework.boot.autoconfigure.web.servlet.error.ErrorMvcAutoConfiguration': Bean instantiation via constructor failed; nested exception is org.springframework.beans.BeanInstantiationException: Failed to instantiate [org.springframework.boot.autoconfigure.web.servlet.error.ErrorMvcAutoConfiguration$$EnhancerBySpringCGLIB$$e5baa3af]: Constructor threw exception; nested exception is org.springframework.beans.factory.UnsatisfiedDependencyException: Error creating bean with name 'org.springframework.boot.autoconfigure.web.servlet.error.ErrorMvcAutoConfiguration$DefaultErrorViewResolverConfiguration': Unsatisfied dependency expressed through constructor parameter 1; nested exception is org.springframework.boot.context.properties.ConfigurationPropertiesBindException: Error creating bean with name 'spring.resources-org.springframework.boot.autoconfigure.web.ResourceProperties': Could not bind properties to 'ResourceProperties' : prefix=spring.resources, ignoreInvalidFields=false, ignoreUnknownFields=false; nested exception is org.springframework.boot.context.properties.bind.BindException: Failed to bind properties under 'spring.resources' to org.springframework.boot.autoconfigure.web.ResourceProperties
2018-05-24 11:02:49,964 - Error calling ApplicationEventListener
java.lang.IllegalStateException: Restarter has not been initialized
	at org.springframework.util.Assert.state(Assert.java:73)
	at org.springframework.boot.devtools.restart.Restarter.getInstance(Restarter.java:543)
	at org.springframework.boot.devtools.restart.RestartApplicationListener.onApplicationEvent(RestartApplicationListener.java:50)
	at org.springframework.context.event.SimpleApplicationEventMulticaster.doInvokeListener(SimpleApplicationEventMulticaster.java:172)
	at org.springframework.context.event.SimpleApplicationEventMulticaster.invokeListener(SimpleApplicationEventMulticaster.java:158)
	at org.springframework.context.event.SimpleApplicationEventMulticaster.multicastEvent(SimpleApplicationEventMulticaster.java:139)
	at org.springframework.context.event.SimpleApplicationEventMulticaster.multicastEvent(SimpleApplicationEventMulticaster.java:127)
	at org.springframework.boot.context.event.EventPublishingRunListener.failed(EventPublishingRunListener.java:126)
	at org.springframework.boot.SpringApplicationRunListeners.callFailedListener(SpringApplicationRunListeners.java:91)
	at org.springframework.boot.SpringApplicationRunListeners.failed(SpringApplicationRunListeners.java:84)
	at org.springframework.boot.SpringApplication.handleRunFailure(SpringApplication.java:812)
	at org.springframework.boot.SpringApplication.run(SpringApplication.java:338)
	at org.springframework.boot.SpringApplication.run(SpringApplication.java:1255)
	at org.springframework.boot.SpringApplication.run(SpringApplication.java:1243)
	at com.flowyj.pcenter.PcenterApplication.main(PcenterApplication.java:11)
2018-05-24 11:02:49,969 - 

Error starting ApplicationContext. To display the conditions report re-run your application with 'debug' enabled.
2018-05-24 11:04:22,768 - Starting PcenterApplication on SKY-20171023NXB with PID 9224 (D:\project\2018\project\pcenter\target\classes started by Administrator in D:\project\2018\project\pcenter)
2018-05-24 11:04:22,772 - No active profile set, falling back to default profiles: default
2018-05-24 11:04:22,877 - Refreshing org.springframework.boot.web.servlet.context.AnnotationConfigServletWebServerApplicationContext@2dca0d64: startup date [Thu May 24 11:04:22 CST 2018]; root of context hierarchy
2018-05-24 11:04:24,012 - Exception encountered during context initialization - cancelling refresh attempt: org.springframework.context.ApplicationContextException: Unable to start web server; nested exception is org.springframework.beans.factory.BeanCreationException: Error creating bean with name 'tomcatServletWebServerFactory' defined in class path resource [org/springframework/boot/autoconfigure/web/servlet/ServletWebServerFactoryConfiguration$EmbeddedTomcat.class]: Initialization of bean failed; nested exception is org.springframework.beans.factory.BeanCreationException: Error creating bean with name 'org.springframework.boot.autoconfigure.web.servlet.error.ErrorMvcAutoConfiguration': Bean instantiation via constructor failed; nested exception is org.springframework.beans.BeanInstantiationException: Failed to instantiate [org.springframework.boot.autoconfigure.web.servlet.error.ErrorMvcAutoConfiguration$$EnhancerBySpringCGLIB$$aacdcefe]: Constructor threw exception; nested exception is org.springframework.beans.factory.UnsatisfiedDependencyException: Error creating bean with name 'org.springframework.boot.autoconfigure.web.servlet.error.ErrorMvcAutoConfiguration$DefaultErrorViewResolverConfiguration': Unsatisfied dependency expressed through constructor parameter 1; nested exception is org.springframework.boot.context.properties.ConfigurationPropertiesBindException: Error creating bean with name 'spring.resources-org.springframework.boot.autoconfigure.web.ResourceProperties': Could not bind properties to 'ResourceProperties' : prefix=spring.resources, ignoreInvalidFields=false, ignoreUnknownFields=false; nested exception is org.springframework.boot.context.properties.bind.BindException: Failed to bind properties under 'spring.resources' to org.springframework.boot.autoconfigure.web.ResourceProperties
2018-05-24 11:04:24,018 - Error calling ApplicationEventListener
java.lang.IllegalStateException: Restarter has not been initialized
	at org.springframework.util.Assert.state(Assert.java:73)
	at org.springframework.boot.devtools.restart.Restarter.getInstance(Restarter.java:543)
	at org.springframework.boot.devtools.restart.RestartApplicationListener.onApplicationEvent(RestartApplicationListener.java:50)
	at org.springframework.context.event.SimpleApplicationEventMulticaster.doInvokeListener(SimpleApplicationEventMulticaster.java:172)
	at org.springframework.context.event.SimpleApplicationEventMulticaster.invokeListener(SimpleApplicationEventMulticaster.java:158)
	at org.springframework.context.event.SimpleApplicationEventMulticaster.multicastEvent(SimpleApplicationEventMulticaster.java:139)
	at org.springframework.context.event.SimpleApplicationEventMulticaster.multicastEvent(SimpleApplicationEventMulticaster.java:127)
	at org.springframework.boot.context.event.EventPublishingRunListener.failed(EventPublishingRunListener.java:126)
	at org.springframework.boot.SpringApplicationRunListeners.callFailedListener(SpringApplicationRunListeners.java:91)
	at org.springframework.boot.SpringApplicationRunListeners.failed(SpringApplicationRunListeners.java:84)
	at org.springframework.boot.SpringApplication.handleRunFailure(SpringApplication.java:812)
	at org.springframework.boot.SpringApplication.run(SpringApplication.java:338)
	at org.springframework.boot.SpringApplication.run(SpringApplication.java:1255)
	at org.springframework.boot.SpringApplication.run(SpringApplication.java:1243)
	at com.flowyj.pcenter.PcenterApplication.main(PcenterApplication.java:11)
2018-05-24 11:04:24,022 - 

Error starting ApplicationContext. To display the conditions report re-run your application with 'debug' enabled.
2018-05-24 11:05:22,189 - Starting PcenterApplication on SKY-20171023NXB with PID 5652 (D:\project\2018\project\pcenter\target\classes started by Administrator in D:\project\2018\project\pcenter)
2018-05-24 11:05:22,192 - No active profile set, falling back to default profiles: default
2018-05-24 11:05:22,290 - Refreshing org.springframework.boot.web.servlet.context.AnnotationConfigServletWebServerApplicationContext@5066d65f: startup date [Thu May 24 11:05:22 CST 2018]; root of context hierarchy
2018-05-24 11:05:22,903 - Cannot enhance @Configuration bean definition 'myBatisMapperScannerConfig' since its singleton instance has been created too early. The typical cause is a non-static @Bean method with a BeanDefinitionRegistryPostProcessor return type: Consider declaring such methods as 'static'.
2018-05-24 11:05:23,447 - Exception encountered during context initialization - cancelling refresh attempt: org.springframework.context.ApplicationContextException: Unable to start web server; nested exception is org.springframework.beans.factory.BeanCreationException: Error creating bean with name 'tomcatServletWebServerFactory' defined in class path resource [org/springframework/boot/autoconfigure/web/servlet/ServletWebServerFactoryConfiguration$EmbeddedTomcat.class]: Initialization of bean failed; nested exception is org.springframework.beans.factory.BeanCreationException: Error creating bean with name 'org.springframework.boot.autoconfigure.web.servlet.error.ErrorMvcAutoConfiguration': Bean instantiation via constructor failed; nested exception is org.springframework.beans.BeanInstantiationException: Failed to instantiate [org.springframework.boot.autoconfigure.web.servlet.error.ErrorMvcAutoConfiguration$$EnhancerBySpringCGLIB$$7e2aa3f8]: Constructor threw exception; nested exception is org.springframework.beans.factory.UnsatisfiedDependencyException: Error creating bean with name 'org.springframework.boot.autoconfigure.web.servlet.error.ErrorMvcAutoConfiguration$DefaultErrorViewResolverConfiguration': Unsatisfied dependency expressed through constructor parameter 1; nested exception is org.springframework.boot.context.properties.ConfigurationPropertiesBindException: Error creating bean with name 'spring.resources-org.springframework.boot.autoconfigure.web.ResourceProperties': Could not bind properties to 'ResourceProperties' : prefix=spring.resources, ignoreInvalidFields=false, ignoreUnknownFields=false; nested exception is org.springframework.boot.context.properties.bind.BindException: Failed to bind properties under 'spring.resources' to org.springframework.boot.autoconfigure.web.ResourceProperties
2018-05-24 11:05:23,454 - Error calling ApplicationEventListener
java.lang.IllegalStateException: Restarter has not been initialized
	at org.springframework.util.Assert.state(Assert.java:73)
	at org.springframework.boot.devtools.restart.Restarter.getInstance(Restarter.java:543)
	at org.springframework.boot.devtools.restart.RestartApplicationListener.onApplicationEvent(RestartApplicationListener.java:50)
	at org.springframework.context.event.SimpleApplicationEventMulticaster.doInvokeListener(SimpleApplicationEventMulticaster.java:172)
	at org.springframework.context.event.SimpleApplicationEventMulticaster.invokeListener(SimpleApplicationEventMulticaster.java:158)
	at org.springframework.context.event.SimpleApplicationEventMulticaster.multicastEvent(SimpleApplicationEventMulticaster.java:139)
	at org.springframework.context.event.SimpleApplicationEventMulticaster.multicastEvent(SimpleApplicationEventMulticaster.java:127)
	at org.springframework.boot.context.event.EventPublishingRunListener.failed(EventPublishingRunListener.java:126)
	at org.springframework.boot.SpringApplicationRunListeners.callFailedListener(SpringApplicationRunListeners.java:91)
	at org.springframework.boot.SpringApplicationRunListeners.failed(SpringApplicationRunListeners.java:84)
	at org.springframework.boot.SpringApplication.handleRunFailure(SpringApplication.java:812)
	at org.springframework.boot.SpringApplication.run(SpringApplication.java:338)
	at org.springframework.boot.SpringApplication.run(SpringApplication.java:1255)
	at org.springframework.boot.SpringApplication.run(SpringApplication.java:1243)
	at com.flowyj.pcenter.PcenterApplication.main(PcenterApplication.java:11)
2018-05-24 11:05:23,459 - 

Error starting ApplicationContext. To display the conditions report re-run your application with 'debug' enabled.
2018-05-24 11:11:29,035 - Starting PcenterApplication on SKY-20171023NXB with PID 1496 (D:\project\2018\project\pcenter\target\classes started by Administrator in D:\project\2018\project\pcenter)
2018-05-24 11:11:29,037 - No active profile set, falling back to default profiles: default
2018-05-24 11:11:29,172 - Refreshing org.springframework.boot.context.embedded.AnnotationConfigEmbeddedWebApplicationContext@7efe793e: startup date [Thu May 24 11:11:29 CST 2018]; root of context hierarchy
2018-05-24 11:11:29,418 - HV000001: Hibernate Validator 5.3.6.Final
2018-05-24 11:11:30,663 - Cannot enhance @Configuration bean definition 'myBatisMapperScannerConfig' since its singleton instance has been created too early. The typical cause is a non-static @Bean method with a BeanDefinitionRegistryPostProcessor return type: Consider declaring such methods as 'static'.
2018-05-24 11:11:31,792 - Tomcat initialized with port(s): 8081 (http)
2018-05-24 11:11:31,806 - Initializing ProtocolHandler ["http-nio-8081"]
2018-05-24 11:11:31,818 - Starting service [Tomcat]
2018-05-24 11:11:31,818 - Starting Servlet Engine: Apache Tomcat/8.5.29
2018-05-24 11:11:31,970 - Initializing Spring embedded WebApplicationContext
2018-05-24 11:11:31,970 - Root WebApplicationContext: initialization completed in 2798 ms
2018-05-24 11:11:32,191 - Mapping servlet: 'dispatcherServlet' to [/]
2018-05-24 11:11:32,197 - Mapping filter: 'characterEncodingFilter' to: [/*]
2018-05-24 11:11:32,198 - Mapping filter: 'hiddenHttpMethodFilter' to: [/*]
2018-05-24 11:11:32,198 - Mapping filter: 'httpPutFormContentFilter' to: [/*]
2018-05-24 11:11:32,198 - Mapping filter: 'requestContextFilter' to: [/*]
2018-05-24 11:11:32,810 - Looking for @ControllerAdvice: org.springframework.boot.context.embedded.AnnotationConfigEmbeddedWebApplicationContext@7efe793e: startup date [Thu May 24 11:11:29 CST 2018]; root of context hierarchy
2018-05-24 11:11:32,916 - Mapped "{[/error]}" onto public org.springframework.http.ResponseEntity<java.util.Map<java.lang.String, java.lang.Object>> org.springframework.boot.autoconfigure.web.BasicErrorController.error(javax.servlet.http.HttpServletRequest)
2018-05-24 11:11:32,917 - Mapped "{[/error],produces=[text/html]}" onto public org.springframework.web.servlet.ModelAndView org.springframework.boot.autoconfigure.web.BasicErrorController.errorHtml(javax.servlet.http.HttpServletRequest,javax.servlet.http.HttpServletResponse)
2018-05-24 11:11:32,951 - Mapped URL path [/webjars/**] onto handler of type [class org.springframework.web.servlet.resource.ResourceHttpRequestHandler]
2018-05-24 11:11:32,951 - Mapped URL path [/**] onto handler of type [class org.springframework.web.servlet.resource.ResourceHttpRequestHandler]
2018-05-24 11:11:32,972 - Detected @ExceptionHandler methods in exceptionHandle
2018-05-24 11:11:33,024 - Mapped URL path [/**/favicon.ico] onto handler of type [class org.springframework.web.servlet.resource.ResourceHttpRequestHandler]
2018-05-24 11:11:33,359 - LiveReload server is running on port 35729
2018-05-24 11:11:33,533 - Registering beans for JMX exposure on startup
2018-05-24 11:11:33,534 - Bean with name 'primaryDataSource' has been autodetected for JMX exposure
2018-05-24 11:11:33,539 - Located MBean 'primaryDataSource': registering with JMX server as MBean [com.alibaba.druid.pool:name=primaryDataSource,type=DruidDataSource]
2018-05-24 11:11:33,559 - Starting ProtocolHandler ["http-nio-8081"]
2018-05-24 11:11:33,574 - Using a shared selector for servlet write/read
2018-05-24 11:11:33,597 - Tomcat started on port(s): 8081 (http)
2018-05-24 11:11:33,601 - Started PcenterApplication in 5.386 seconds (JVM running for 6.528)
2018-05-24 17:26:17,292 - Closing org.springframework.boot.context.embedded.AnnotationConfigEmbeddedWebApplicationContext@7efe793e: startup date [Thu May 24 11:11:29 CST 2018]; root of context hierarchy
2018-05-24 17:26:17,318 - Unregistering JMX-exposed beans on shutdown
2018-05-24 17:26:17,338 - Unregistering JMX-exposed beans
2018-05-24 17:26:18,267 - Starting PcenterApplication on SKY-20171023NXB with PID 1496 (D:\project\2018\project\pcenter\target\classes started by Administrator in D:\project\2018\project\pcenter)
2018-05-24 17:26:18,267 - No active profile set, falling back to default profiles: default
2018-05-24 17:26:18,292 - Refreshing org.springframework.boot.context.embedded.AnnotationConfigEmbeddedWebApplicationContext@34f1c378: startup date [Thu May 24 17:26:18 CST 2018]; root of context hierarchy
2018-05-24 17:26:19,155 - Tomcat initialized with port(s): 8081 (http)
2018-05-24 17:26:19,155 - Initializing ProtocolHandler ["http-nio-8081"]
2018-05-24 17:26:19,156 - Starting service [Tomcat]
2018-05-24 17:26:19,156 - Starting Servlet Engine: Apache Tomcat/8.5.29
2018-05-24 17:26:19,210 - Initializing Spring embedded WebApplicationContext
2018-05-24 17:26:19,211 - Root WebApplicationContext: initialization completed in 919 ms
2018-05-24 17:26:19,253 - Mapping servlet: 'dispatcherServlet' to [/]
2018-05-24 17:26:19,255 - Mapping filter: 'characterEncodingFilter' to: [/*]
2018-05-24 17:26:19,256 - Mapping filter: 'hiddenHttpMethodFilter' to: [/*]
2018-05-24 17:26:19,256 - Mapping filter: 'httpPutFormContentFilter' to: [/*]
2018-05-24 17:26:19,256 - Mapping filter: 'requestContextFilter' to: [/*]
2018-05-24 17:26:19,461 - Looking for @ControllerAdvice: org.springframework.boot.context.embedded.AnnotationConfigEmbeddedWebApplicationContext@34f1c378: startup date [Thu May 24 17:26:18 CST 2018]; root of context hierarchy
2018-05-24 17:26:19,478 - Mapped "{[/error]}" onto public org.springframework.http.ResponseEntity<java.util.Map<java.lang.String, java.lang.Object>> org.springframework.boot.autoconfigure.web.BasicErrorController.error(javax.servlet.http.HttpServletRequest)
2018-05-24 17:26:19,478 - Mapped "{[/error],produces=[text/html]}" onto public org.springframework.web.servlet.ModelAndView org.springframework.boot.autoconfigure.web.BasicErrorController.errorHtml(javax.servlet.http.HttpServletRequest,javax.servlet.http.HttpServletResponse)
2018-05-24 17:26:19,486 - Mapped URL path [/webjars/**] onto handler of type [class org.springframework.web.servlet.resource.ResourceHttpRequestHandler]
2018-05-24 17:26:19,486 - Mapped URL path [/**] onto handler of type [class org.springframework.web.servlet.resource.ResourceHttpRequestHandler]
2018-05-24 17:26:19,519 - Mapped URL path [/**/favicon.ico] onto handler of type [class org.springframework.web.servlet.resource.ResourceHttpRequestHandler]
2018-05-24 17:26:19,614 - LiveReload server is running on port 35729
2018-05-24 17:26:19,812 - Registering beans for JMX exposure on startup
2018-05-24 17:26:19,817 - Starting ProtocolHandler ["http-nio-8081"]
2018-05-24 17:26:19,818 - Using a shared selector for servlet write/read
2018-05-24 17:26:19,821 - Tomcat started on port(s): 8081 (http)
2018-05-24 17:26:19,823 - Started PcenterApplication in 1.684 seconds (JVM running for 22492.75)
2018-05-24 17:26:21,044 - Closing org.springframework.boot.context.embedded.AnnotationConfigEmbeddedWebApplicationContext@34f1c378: startup date [Thu May 24 17:26:18 CST 2018]; root of context hierarchy
2018-05-24 17:26:21,046 - Unregistering JMX-exposed beans on shutdown
2018-05-24 17:26:21,330 - Starting PcenterApplication on SKY-20171023NXB with PID 1496 (D:\project\2018\project\pcenter\target\classes started by Administrator in D:\project\2018\project\pcenter)
2018-05-24 17:26:21,330 - No active profile set, falling back to default profiles: default
2018-05-24 17:26:21,334 - Refreshing org.springframework.boot.context.embedded.AnnotationConfigEmbeddedWebApplicationContext@1d0635cb: startup date [Thu May 24 17:26:21 CST 2018]; root of context hierarchy
2018-05-24 17:26:21,754 - Cannot enhance @Configuration bean definition 'myBatisMapperScannerConfig' since its singleton instance has been created too early. The typical cause is a non-static @Bean method with a BeanDefinitionRegistryPostProcessor return type: Consider declaring such methods as 'static'.
2018-05-24 17:26:21,902 - Tomcat initialized with port(s): 8081 (http)
2018-05-24 17:26:21,903 - Initializing ProtocolHandler ["http-nio-8081"]
2018-05-24 17:26:21,903 - Starting service [Tomcat]
2018-05-24 17:26:21,903 - Starting Servlet Engine: Apache Tomcat/8.5.29
2018-05-24 17:26:22,005 - Initializing Spring embedded WebApplicationContext
2018-05-24 17:26:22,006 - Root WebApplicationContext: initialization completed in 673 ms
2018-05-24 17:26:22,043 - Mapping servlet: 'dispatcherServlet' to [/]
2018-05-24 17:26:22,043 - Mapping filter: 'characterEncodingFilter' to: [/*]
2018-05-24 17:26:22,043 - Mapping filter: 'hiddenHttpMethodFilter' to: [/*]
2018-05-24 17:26:22,043 - Mapping filter: 'httpPutFormContentFilter' to: [/*]
2018-05-24 17:26:22,043 - Mapping filter: 'requestContextFilter' to: [/*]
2018-05-24 17:26:22,043 - Mapping filter: 'originFilter' to: [/*]
2018-05-24 17:26:22,069 - Exception encountered during context initialization - cancelling refresh attempt: org.springframework.beans.factory.UnsatisfiedDependencyException: Error creating bean with name 'loginController': Unsatisfied dependency expressed through field 'service'; nested exception is org.springframework.beans.factory.BeanCreationException: Error creating bean with name 'loginService' defined in file [D:\project\2018\project\pcenter\target\classes\com\flowyj\pcenter\service\LoginService.class]: Post-processing of merged bean definition failed; nested exception is java.lang.IllegalStateException: Failed to introspect bean class [com.flowyj.pcenter.service.LoginService] for resource metadata: could not find class that it depends on
2018-05-24 17:26:22,069 - Stopping service [Tomcat]
2018-05-24 17:26:22,077 - 

Error starting ApplicationContext. To display the auto-configuration report re-run your application with 'debug' enabled.
2018-05-24 17:42:25,586 - Starting PcenterApplication on SKY-20171023NXB with PID 11268 (D:\project\2018\project\pcenter\target\classes started by Administrator in D:\project\2018\project\pcenter)
2018-05-24 17:42:25,589 - No active profile set, falling back to default profiles: default
2018-05-24 17:42:25,666 - Refreshing org.springframework.boot.context.embedded.AnnotationConfigEmbeddedWebApplicationContext@81c7215: startup date [Thu May 24 17:42:25 CST 2018]; root of context hierarchy
2018-05-24 17:42:25,873 - HV000001: Hibernate Validator 5.3.6.Final
2018-05-24 17:42:26,971 - Multiple Spring Data modules found, entering strict repository configuration mode!
2018-05-24 17:42:27,088 - Cannot enhance @Configuration bean definition 'myBatisMapperScannerConfig' since its singleton instance has been created too early. The typical cause is a non-static @Bean method with a BeanDefinitionRegistryPostProcessor return type: Consider declaring such methods as 'static'.
2018-05-24 17:42:27,413 - Bean 'PCenterConfig' of type [com.flowyj.pcenter.config.PCenterConfig$$EnhancerBySpringCGLIB$$773dffda] is not eligible for getting processed by all BeanPostProcessors (for example: not eligible for auto-proxying)
2018-05-24 17:42:27,512 - Bean 'primaryDataSource' of type [com.alibaba.druid.pool.DruidDataSource] is not eligible for getting processed by all BeanPostProcessors (for example: not eligible for auto-proxying)
2018-05-24 17:42:27,518 - Bean 'org.springframework.boot.autoconfigure.jdbc.DataSourceAutoConfiguration' of type [org.springframework.boot.autoconfigure.jdbc.DataSourceAutoConfiguration$$EnhancerBySpringCGLIB$$1e8fbfef] is not eligible for getting processed by all BeanPostProcessors (for example: not eligible for auto-proxying)
2018-05-24 17:42:27,608 - Bean 'spring.datasource-org.springframework.boot.autoconfigure.jdbc.DataSourceProperties' of type [org.springframework.boot.autoconfigure.jdbc.DataSourceProperties] is not eligible for getting processed by all BeanPostProcessors (for example: not eligible for auto-proxying)
2018-05-24 17:42:27,622 - Bean 'dataSourceInitializer' of type [org.springframework.boot.autoconfigure.jdbc.DataSourceInitializer] is not eligible for getting processed by all BeanPostProcessors (for example: not eligible for auto-proxying)
2018-05-24 17:42:27,628 - Bean 'myBatisConfig' of type [com.flowyj.pcenter.config.MyBatisConfig$$EnhancerBySpringCGLIB$$dd8301e8] is not eligible for getting processed by all BeanPostProcessors (for example: not eligible for auto-proxying)
2018-05-24 17:42:27,647 - Bean 'annotationDrivenTransactionManager' of type [org.springframework.jdbc.datasource.DataSourceTransactionManager] is not eligible for getting processed by all BeanPostProcessors (for example: not eligible for auto-proxying)
2018-05-24 17:42:27,647 - Bean 'org.springframework.transaction.annotation.ProxyTransactionManagementConfiguration' of type [org.springframework.transaction.annotation.ProxyTransactionManagementConfiguration$$EnhancerBySpringCGLIB$$3c9c1c8f] is not eligible for getting processed by all BeanPostProcessors (for example: not eligible for auto-proxying)
2018-05-24 17:42:28,289 - Tomcat initialized with port(s): 8081 (http)
2018-05-24 17:42:28,329 - Initializing ProtocolHandler ["http-nio-8081"]
2018-05-24 17:42:28,341 - Starting service [Tomcat]
2018-05-24 17:42:28,341 - Starting Servlet Engine: Apache Tomcat/8.5.29
2018-05-24 17:42:28,482 - Initializing Spring embedded WebApplicationContext
2018-05-24 17:42:28,482 - Root WebApplicationContext: initialization completed in 2816 ms
2018-05-24 17:42:28,675 - Mapping servlet: 'dispatcherServlet' to [/]
2018-05-24 17:42:28,680 - Mapping filter: 'characterEncodingFilter' to: [/*]
2018-05-24 17:42:28,681 - Mapping filter: 'hiddenHttpMethodFilter' to: [/*]
2018-05-24 17:42:28,681 - Mapping filter: 'httpPutFormContentFilter' to: [/*]
2018-05-24 17:42:28,681 - Mapping filter: 'requestContextFilter' to: [/*]
2018-05-24 17:42:28,681 - Mapping filter: 'originFilter' to: [/*]
2018-05-24 17:42:29,529 - Looking for @ControllerAdvice: org.springframework.boot.context.embedded.AnnotationConfigEmbeddedWebApplicationContext@81c7215: startup date [Thu May 24 17:42:25 CST 2018]; root of context hierarchy
2018-05-24 17:42:29,608 - Mapped "{[/login],methods=[GET]}" onto public com.flowyj.pcenter.domain.common.Result com.flowyj.pcenter.controller.LoginController.login(java.lang.String,java.lang.String)
2018-05-24 17:42:29,608 - Mapped "{[/loginOut],methods=[GET]}" onto public com.flowyj.pcenter.domain.common.Result com.flowyj.pcenter.controller.LoginController.loginOut(java.lang.String)
2018-05-24 17:42:29,612 - Mapped "{[/error]}" onto public org.springframework.http.ResponseEntity<java.util.Map<java.lang.String, java.lang.Object>> org.springframework.boot.autoconfigure.web.BasicErrorController.error(javax.servlet.http.HttpServletRequest)
2018-05-24 17:42:29,612 - Mapped "{[/error],produces=[text/html]}" onto public org.springframework.web.servlet.ModelAndView org.springframework.boot.autoconfigure.web.BasicErrorController.errorHtml(javax.servlet.http.HttpServletRequest,javax.servlet.http.HttpServletResponse)
2018-05-24 17:42:29,646 - Mapped URL path [/webjars/**] onto handler of type [class org.springframework.web.servlet.resource.ResourceHttpRequestHandler]
2018-05-24 17:42:29,646 - Mapped URL path [/**] onto handler of type [class org.springframework.web.servlet.resource.ResourceHttpRequestHandler]
2018-05-24 17:42:29,671 - Detected @ExceptionHandler methods in exceptionHandle
2018-05-24 17:42:29,718 - Mapped URL path [/**/favicon.ico] onto handler of type [class org.springframework.web.servlet.resource.ResourceHttpRequestHandler]
2018-05-24 17:42:30,161 - LiveReload server is running on port 35729
2018-05-24 17:42:30,320 - Registering beans for JMX exposure on startup
2018-05-24 17:42:30,321 - Bean with name 'primaryDataSource' has been autodetected for JMX exposure
2018-05-24 17:42:30,327 - Located MBean 'primaryDataSource': registering with JMX server as MBean [com.alibaba.druid.pool:name=primaryDataSource,type=DruidDataSource]
2018-05-24 17:42:30,337 - Starting ProtocolHandler ["http-nio-8081"]
2018-05-24 17:42:30,350 - Using a shared selector for servlet write/read
2018-05-24 17:42:30,363 - Tomcat started on port(s): 8081 (http)
2018-05-24 17:42:30,367 - Started PcenterApplication in 5.348 seconds (JVM running for 6.907)
2018-05-24 17:45:01,759 - Initializing Spring FrameworkServlet 'dispatcherServlet'
2018-05-24 17:45:01,759 - FrameworkServlet 'dispatcherServlet': initialization started
2018-05-24 17:45:01,786 - FrameworkServlet 'dispatcherServlet': initialization completed in 27 ms
2018-05-24 17:46:07,478 - =========================
2018-05-24 17:46:08,175 - {dataSource-1} inited
2018-05-24 17:46:10,065 - =========================
2018-05-24 17:46:10,343 - =========================
2018-05-24 17:46:10,519 - =========================
2018-05-24 17:46:10,663 - =========================
2018-05-24 17:46:10,832 - =========================
2018-05-24 17:47:31,291 - Starting PcenterApplication on SKY-20171023NXB with PID 6052 (D:\project\2018\project\pcenter\target\classes started by Administrator in D:\project\2018\project\pcenter)
2018-05-24 17:47:31,293 - No active profile set, falling back to default profiles: default
2018-05-24 17:47:31,342 - Refreshing org.springframework.boot.context.embedded.AnnotationConfigEmbeddedWebApplicationContext@6fb93ff: startup date [Thu May 24 17:47:31 CST 2018]; root of context hierarchy
2018-05-24 17:47:31,542 - HV000001: Hibernate Validator 5.3.6.Final
2018-05-24 17:47:32,181 - Multiple Spring Data modules found, entering strict repository configuration mode!
2018-05-24 17:47:32,286 - Cannot enhance @Configuration bean definition 'myBatisMapperScannerConfig' since its singleton instance has been created too early. The typical cause is a non-static @Bean method with a BeanDefinitionRegistryPostProcessor return type: Consider declaring such methods as 'static'.
2018-05-24 17:47:32,599 - Bean 'PCenterConfig' of type [com.flowyj.pcenter.config.PCenterConfig$$EnhancerBySpringCGLIB$$9ca302d7] is not eligible for getting processed by all BeanPostProcessors (for example: not eligible for auto-proxying)
2018-05-24 17:47:32,671 - Bean 'primaryDataSource' of type [com.alibaba.druid.pool.DruidDataSource] is not eligible for getting processed by all BeanPostProcessors (for example: not eligible for auto-proxying)
2018-05-24 17:47:32,676 - Bean 'org.springframework.boot.autoconfigure.jdbc.DataSourceAutoConfiguration' of type [org.springframework.boot.autoconfigure.jdbc.DataSourceAutoConfiguration$$EnhancerBySpringCGLIB$$43f4c2ec] is not eligible for getting processed by all BeanPostProcessors (for example: not eligible for auto-proxying)
2018-05-24 17:47:32,766 - Bean 'spring.datasource-org.springframework.boot.autoconfigure.jdbc.DataSourceProperties' of type [org.springframework.boot.autoconfigure.jdbc.DataSourceProperties] is not eligible for getting processed by all BeanPostProcessors (for example: not eligible for auto-proxying)
2018-05-24 17:47:32,776 - Bean 'dataSourceInitializer' of type [org.springframework.boot.autoconfigure.jdbc.DataSourceInitializer] is not eligible for getting processed by all BeanPostProcessors (for example: not eligible for auto-proxying)
2018-05-24 17:47:32,777 - Bean 'myBatisConfig' of type [com.flowyj.pcenter.config.MyBatisConfig$$EnhancerBySpringCGLIB$$2e804e5] is not eligible for getting processed by all BeanPostProcessors (for example: not eligible for auto-proxying)
2018-05-24 17:47:32,790 - Bean 'annotationDrivenTransactionManager' of type [org.springframework.jdbc.datasource.DataSourceTransactionManager] is not eligible for getting processed by all BeanPostProcessors (for example: not eligible for auto-proxying)
2018-05-24 17:47:32,791 - Bean 'org.springframework.transaction.annotation.ProxyTransactionManagementConfiguration' of type [org.springframework.transaction.annotation.ProxyTransactionManagementConfiguration$$EnhancerBySpringCGLIB$$62011f8c] is not eligible for getting processed by all BeanPostProcessors (for example: not eligible for auto-proxying)
2018-05-24 17:47:33,134 - Tomcat initialized with port(s): 8081 (http)
2018-05-24 17:47:33,148 - Initializing ProtocolHandler ["http-nio-8081"]
2018-05-24 17:47:33,159 - Starting service [Tomcat]
2018-05-24 17:47:33,159 - Starting Servlet Engine: Apache Tomcat/8.5.29
2018-05-24 17:47:33,252 - Initializing Spring embedded WebApplicationContext
2018-05-24 17:47:33,253 - Root WebApplicationContext: initialization completed in 1911 ms
2018-05-24 17:47:33,440 - Mapping servlet: 'dispatcherServlet' to [/]
2018-05-24 17:47:33,445 - Mapping filter: 'characterEncodingFilter' to: [/*]
2018-05-24 17:47:33,445 - Mapping filter: 'hiddenHttpMethodFilter' to: [/*]
2018-05-24 17:47:33,445 - Mapping filter: 'httpPutFormContentFilter' to: [/*]
2018-05-24 17:47:33,445 - Mapping filter: 'requestContextFilter' to: [/*]
2018-05-24 17:47:33,445 - Mapping filter: 'originFilter' to: [/*]
2018-05-24 17:47:34,050 - Looking for @ControllerAdvice: org.springframework.boot.context.embedded.AnnotationConfigEmbeddedWebApplicationContext@6fb93ff: startup date [Thu May 24 17:47:31 CST 2018]; root of context hierarchy
2018-05-24 17:47:34,115 - Mapped "{[/loginOut],methods=[GET]}" onto public com.flowyj.pcenter.domain.common.Result com.flowyj.pcenter.controller.LoginController.loginOut(java.lang.String)
2018-05-24 17:47:34,116 - Mapped "{[/login],methods=[GET]}" onto public com.flowyj.pcenter.domain.common.Result com.flowyj.pcenter.controller.LoginController.login(java.lang.String,java.lang.String)
2018-05-24 17:47:34,120 - Mapped "{[/error]}" onto public org.springframework.http.ResponseEntity<java.util.Map<java.lang.String, java.lang.Object>> org.springframework.boot.autoconfigure.web.BasicErrorController.error(javax.servlet.http.HttpServletRequest)
2018-05-24 17:47:34,120 - Mapped "{[/error],produces=[text/html]}" onto public org.springframework.web.servlet.ModelAndView org.springframework.boot.autoconfigure.web.BasicErrorController.errorHtml(javax.servlet.http.HttpServletRequest,javax.servlet.http.HttpServletResponse)
2018-05-24 17:47:34,154 - Mapped URL path [/webjars/**] onto handler of type [class org.springframework.web.servlet.resource.ResourceHttpRequestHandler]
2018-05-24 17:47:34,154 - Mapped URL path [/**] onto handler of type [class org.springframework.web.servlet.resource.ResourceHttpRequestHandler]
2018-05-24 17:47:34,174 - Detected @ExceptionHandler methods in exceptionHandle
2018-05-24 17:47:34,200 - Mapped URL path [/**/favicon.ico] onto handler of type [class org.springframework.web.servlet.resource.ResourceHttpRequestHandler]
2018-05-24 17:47:34,561 - LiveReload server is running on port 35729
2018-05-24 17:47:34,717 - Registering beans for JMX exposure on startup
2018-05-24 17:47:34,717 - Bean with name 'primaryDataSource' has been autodetected for JMX exposure
2018-05-24 17:47:34,724 - Located MBean 'primaryDataSource': registering with JMX server as MBean [com.alibaba.druid.pool:name=primaryDataSource,type=DruidDataSource]
2018-05-24 17:47:34,734 - Starting ProtocolHandler ["http-nio-8081"]
2018-05-24 17:47:34,746 - Using a shared selector for servlet write/read
2018-05-24 17:47:34,759 - Tomcat started on port(s): 8081 (http)
2018-05-24 17:47:34,764 - Started PcenterApplication in 4.061 seconds (JVM running for 4.832)
2018-05-24 17:48:51,614 - Initializing Spring FrameworkServlet 'dispatcherServlet'
2018-05-24 17:48:51,616 - FrameworkServlet 'dispatcherServlet': initialization started
2018-05-24 17:48:51,644 - FrameworkServlet 'dispatcherServlet': initialization completed in 28 ms
2018-05-24 17:48:51,660 - =========================
2018-05-24 17:48:51,728 - {dataSource-1} inited
2018-05-24 17:50:26,324 - =========================
2018-05-24 17:50:55,490 - Closing org.springframework.boot.context.embedded.AnnotationConfigEmbeddedWebApplicationContext@6fb93ff: startup date [Thu May 24 17:47:31 CST 2018]; root of context hierarchy
2018-05-24 17:50:55,495 - Unregistering JMX-exposed beans on shutdown
2018-05-24 17:50:55,495 - Unregistering JMX-exposed beans
2018-05-24 17:50:55,501 - {dataSource-1} closed
2018-05-24 17:50:55,809 - Starting PcenterApplication on SKY-20171023NXB with PID 6052 (D:\project\2018\project\pcenter\target\classes started by Administrator in D:\project\2018\project\pcenter)
2018-05-24 17:50:55,810 - No active profile set, falling back to default profiles: default
2018-05-24 17:50:55,812 - Refreshing org.springframework.boot.context.embedded.AnnotationConfigEmbeddedWebApplicationContext@3c99a95d: startup date [Thu May 24 17:50:55 CST 2018]; root of context hierarchy
2018-05-24 17:50:56,218 - Multiple Spring Data modules found, entering strict repository configuration mode!
2018-05-24 17:50:56,297 - Cannot enhance @Configuration bean definition 'myBatisMapperScannerConfig' since its singleton instance has been created too early. The typical cause is a non-static @Bean method with a BeanDefinitionRegistryPostProcessor return type: Consider declaring such methods as 'static'.
2018-05-24 17:50:56,360 - Bean 'PCenterConfig' of type [com.flowyj.pcenter.config.PCenterConfig$$EnhancerBySpringCGLIB$$9ca302d7] is not eligible for getting processed by all BeanPostProcessors (for example: not eligible for auto-proxying)
2018-05-24 17:50:56,363 - Bean 'primaryDataSource' of type [com.alibaba.druid.pool.DruidDataSource] is not eligible for getting processed by all BeanPostProcessors (for example: not eligible for auto-proxying)
2018-05-24 17:50:56,365 - Bean 'org.springframework.boot.autoconfigure.jdbc.DataSourceAutoConfiguration' of type [org.springframework.boot.autoconfigure.jdbc.DataSourceAutoConfiguration$$EnhancerBySpringCGLIB$$43f4c2ec] is not eligible for getting processed by all BeanPostProcessors (for example: not eligible for auto-proxying)
2018-05-24 17:50:56,392 - Bean 'spring.datasource-org.springframework.boot.autoconfigure.jdbc.DataSourceProperties' of type [org.springframework.boot.autoconfigure.jdbc.DataSourceProperties] is not eligible for getting processed by all BeanPostProcessors (for example: not eligible for auto-proxying)
2018-05-24 17:50:56,395 - Bean 'dataSourceInitializer' of type [org.springframework.boot.autoconfigure.jdbc.DataSourceInitializer] is not eligible for getting processed by all BeanPostProcessors (for example: not eligible for auto-proxying)
2018-05-24 17:50:56,395 - Bean 'myBatisConfig' of type [com.flowyj.pcenter.config.MyBatisConfig$$EnhancerBySpringCGLIB$$2e804e5] is not eligible for getting processed by all BeanPostProcessors (for example: not eligible for auto-proxying)
2018-05-24 17:50:56,399 - Bean 'annotationDrivenTransactionManager' of type [org.springframework.jdbc.datasource.DataSourceTransactionManager] is not eligible for getting processed by all BeanPostProcessors (for example: not eligible for auto-proxying)
2018-05-24 17:50:56,399 - Bean 'org.springframework.transaction.annotation.ProxyTransactionManagementConfiguration' of type [org.springframework.transaction.annotation.ProxyTransactionManagementConfiguration$$EnhancerBySpringCGLIB$$62011f8c] is not eligible for getting processed by all BeanPostProcessors (for example: not eligible for auto-proxying)
2018-05-24 17:50:56,516 - Tomcat initialized with port(s): 8081 (http)
2018-05-24 17:50:56,517 - Initializing ProtocolHandler ["http-nio-8081"]
2018-05-24 17:50:56,517 - Starting service [Tomcat]
2018-05-24 17:50:56,517 - Starting Servlet Engine: Apache Tomcat/8.5.29
2018-05-24 17:50:56,541 - Initializing Spring embedded WebApplicationContext
2018-05-24 17:50:56,541 - Root WebApplicationContext: initialization completed in 729 ms
2018-05-24 17:50:56,589 - Mapping servlet: 'dispatcherServlet' to [/]
2018-05-24 17:50:56,589 - Mapping filter: 'characterEncodingFilter' to: [/*]
2018-05-24 17:50:56,589 - Mapping filter: 'hiddenHttpMethodFilter' to: [/*]
2018-05-24 17:50:56,589 - Mapping filter: 'httpPutFormContentFilter' to: [/*]
2018-05-24 17:50:56,589 - Mapping filter: 'requestContextFilter' to: [/*]
2018-05-24 17:50:56,589 - Mapping filter: 'originFilter' to: [/*]
2018-05-24 17:50:56,736 - Looking for @ControllerAdvice: org.springframework.boot.context.embedded.AnnotationConfigEmbeddedWebApplicationContext@3c99a95d: startup date [Thu May 24 17:50:55 CST 2018]; root of context hierarchy
2018-05-24 17:50:56,746 - Mapped "{[/loginOut],methods=[GET]}" onto public com.flowyj.pcenter.domain.common.Result com.flowyj.pcenter.controller.LoginController.loginOut(java.lang.String)
2018-05-24 17:50:56,747 - Mapped "{[/login],methods=[GET]}" onto public com.flowyj.pcenter.domain.common.Result com.flowyj.pcenter.controller.LoginController.login(java.lang.String,java.lang.String)
2018-05-24 17:50:56,749 - Mapped "{[/error]}" onto public org.springframework.http.ResponseEntity<java.util.Map<java.lang.String, java.lang.Object>> org.springframework.boot.autoconfigure.web.BasicErrorController.error(javax.servlet.http.HttpServletRequest)
2018-05-24 17:50:56,749 - Mapped "{[/error],produces=[text/html]}" onto public org.springframework.web.servlet.ModelAndView org.springframework.boot.autoconfigure.web.BasicErrorController.errorHtml(javax.servlet.http.HttpServletRequest,javax.servlet.http.HttpServletResponse)
2018-05-24 17:50:56,758 - Mapped URL path [/webjars/**] onto handler of type [class org.springframework.web.servlet.resource.ResourceHttpRequestHandler]
2018-05-24 17:50:56,758 - Mapped URL path [/**] onto handler of type [class org.springframework.web.servlet.resource.ResourceHttpRequestHandler]
2018-05-24 17:50:56,768 - Detected @ExceptionHandler methods in exceptionHandle
2018-05-24 17:50:56,775 - Mapped URL path [/**/favicon.ico] onto handler of type [class org.springframework.web.servlet.resource.ResourceHttpRequestHandler]
2018-05-24 17:50:56,838 - LiveReload server is running on port 35729
2018-05-24 17:50:57,009 - Registering beans for JMX exposure on startup
2018-05-24 17:50:57,009 - Bean with name 'primaryDataSource' has been autodetected for JMX exposure
2018-05-24 17:50:57,014 - Located MBean 'primaryDataSource': registering with JMX server as MBean [com.alibaba.druid.pool:name=primaryDataSource,type=DruidDataSource]
2018-05-24 17:50:57,019 - Starting ProtocolHandler ["http-nio-8081"]
2018-05-24 17:50:57,020 - Using a shared selector for servlet write/read
2018-05-24 17:50:57,024 - Tomcat started on port(s): 8081 (http)
2018-05-24 17:50:57,029 - Started PcenterApplication in 1.286 seconds (JVM running for 207.096)
2018-05-24 17:51:26,498 - Closing org.springframework.boot.context.embedded.AnnotationConfigEmbeddedWebApplicationContext@3c99a95d: startup date [Thu May 24 17:50:55 CST 2018]; root of context hierarchy
2018-05-24 17:51:26,500 - Unregistering JMX-exposed beans on shutdown
2018-05-24 17:51:26,501 - Unregistering JMX-exposed beans
2018-05-24 17:51:26,824 - Starting PcenterApplication on SKY-20171023NXB with PID 6052 (D:\project\2018\project\pcenter\target\classes started by Administrator in D:\project\2018\project\pcenter)
2018-05-24 17:51:26,824 - No active profile set, falling back to default profiles: default
2018-05-24 17:51:26,828 - Refreshing org.springframework.boot.context.embedded.AnnotationConfigEmbeddedWebApplicationContext@92fece: startup date [Thu May 24 17:51:26 CST 2018]; root of context hierarchy
2018-05-24 17:51:27,332 - Multiple Spring Data modules found, entering strict repository configuration mode!
2018-05-24 17:51:27,379 - Cannot enhance @Configuration bean definition 'myBatisMapperScannerConfig' since its singleton instance has been created too early. The typical cause is a non-static @Bean method with a BeanDefinitionRegistryPostProcessor return type: Consider declaring such methods as 'static'.
2018-05-24 17:51:27,432 - Bean 'PCenterConfig' of type [com.flowyj.pcenter.config.PCenterConfig$$EnhancerBySpringCGLIB$$9ca302d7] is not eligible for getting processed by all BeanPostProcessors (for example: not eligible for auto-proxying)
2018-05-24 17:51:27,436 - Bean 'primaryDataSource' of type [com.alibaba.druid.pool.DruidDataSource] is not eligible for getting processed by all BeanPostProcessors (for example: not eligible for auto-proxying)
2018-05-24 17:51:27,437 - Bean 'org.springframework.boot.autoconfigure.jdbc.DataSourceAutoConfiguration' of type [org.springframework.boot.autoconfigure.jdbc.DataSourceAutoConfiguration$$EnhancerBySpringCGLIB$$43f4c2ec] is not eligible for getting processed by all BeanPostProcessors (for example: not eligible for auto-proxying)
2018-05-24 17:51:27,467 - Bean 'spring.datasource-org.springframework.boot.autoconfigure.jdbc.DataSourceProperties' of type [org.springframework.boot.autoconfigure.jdbc.DataSourceProperties] is not eligible for getting processed by all BeanPostProcessors (for example: not eligible for auto-proxying)
2018-05-24 17:51:27,470 - Bean 'dataSourceInitializer' of type [org.springframework.boot.autoconfigure.jdbc.DataSourceInitializer] is not eligible for getting processed by all BeanPostProcessors (for example: not eligible for auto-proxying)
2018-05-24 17:51:27,471 - Bean 'myBatisConfig' of type [com.flowyj.pcenter.config.MyBatisConfig$$EnhancerBySpringCGLIB$$2e804e5] is not eligible for getting processed by all BeanPostProcessors (for example: not eligible for auto-proxying)
2018-05-24 17:51:27,474 - Bean 'annotationDrivenTransactionManager' of type [org.springframework.jdbc.datasource.DataSourceTransactionManager] is not eligible for getting processed by all BeanPostProcessors (for example: not eligible for auto-proxying)
2018-05-24 17:51:27,476 - Bean 'org.springframework.transaction.annotation.ProxyTransactionManagementConfiguration' of type [org.springframework.transaction.annotation.ProxyTransactionManagementConfiguration$$EnhancerBySpringCGLIB$$62011f8c] is not eligible for getting processed by all BeanPostProcessors (for example: not eligible for auto-proxying)
2018-05-24 17:51:27,542 - Tomcat initialized with port(s): 8081 (http)
2018-05-24 17:51:27,543 - Initializing ProtocolHandler ["http-nio-8081"]
2018-05-24 17:51:27,543 - Starting service [Tomcat]
2018-05-24 17:51:27,543 - Starting Servlet Engine: Apache Tomcat/8.5.29
2018-05-24 17:51:27,575 - Initializing Spring embedded WebApplicationContext
2018-05-24 17:51:27,576 - Root WebApplicationContext: initialization completed in 748 ms
2018-05-24 17:51:27,616 - Mapping servlet: 'dispatcherServlet' to [/]
2018-05-24 17:51:27,617 - Mapping filter: 'characterEncodingFilter' to: [/*]
2018-05-24 17:51:27,617 - Mapping filter: 'hiddenHttpMethodFilter' to: [/*]
2018-05-24 17:51:27,617 - Mapping filter: 'httpPutFormContentFilter' to: [/*]
2018-05-24 17:51:27,617 - Mapping filter: 'requestContextFilter' to: [/*]
2018-05-24 17:51:27,617 - Mapping filter: 'originFilter' to: [/*]
2018-05-24 17:51:27,752 - Looking for @ControllerAdvice: org.springframework.boot.context.embedded.AnnotationConfigEmbeddedWebApplicationContext@92fece: startup date [Thu May 24 17:51:26 CST 2018]; root of context hierarchy
2018-05-24 17:51:27,768 - Mapped "{[/loginOut],methods=[GET]}" onto public com.flowyj.pcenter.domain.common.Result com.flowyj.pcenter.controller.LoginController.loginOut(java.lang.String)
2018-05-24 17:51:27,768 - Mapped "{[/login],methods=[GET]}" onto public com.flowyj.pcenter.domain.common.Result com.flowyj.pcenter.controller.LoginController.login(java.lang.String,java.lang.String)
2018-05-24 17:51:27,769 - Mapped "{[/error]}" onto public org.springframework.http.ResponseEntity<java.util.Map<java.lang.String, java.lang.Object>> org.springframework.boot.autoconfigure.web.BasicErrorController.error(javax.servlet.http.HttpServletRequest)
2018-05-24 17:51:27,770 - Mapped "{[/error],produces=[text/html]}" onto public org.springframework.web.servlet.ModelAndView org.springframework.boot.autoconfigure.web.BasicErrorController.errorHtml(javax.servlet.http.HttpServletRequest,javax.servlet.http.HttpServletResponse)
2018-05-24 17:51:27,780 - Mapped URL path [/webjars/**] onto handler of type [class org.springframework.web.servlet.resource.ResourceHttpRequestHandler]
2018-05-24 17:51:27,780 - Mapped URL path [/**] onto handler of type [class org.springframework.web.servlet.resource.ResourceHttpRequestHandler]
2018-05-24 17:51:27,790 - Detected @ExceptionHandler methods in exceptionHandle
2018-05-24 17:51:27,800 - Mapped URL path [/**/favicon.ico] onto handler of type [class org.springframework.web.servlet.resource.ResourceHttpRequestHandler]
2018-05-24 17:51:27,921 - LiveReload server is running on port 35729
2018-05-24 17:51:28,212 - Registering beans for JMX exposure on startup
2018-05-24 17:51:28,213 - Bean with name 'primaryDataSource' has been autodetected for JMX exposure
2018-05-24 17:51:28,218 - Located MBean 'primaryDataSource': registering with JMX server as MBean [com.alibaba.druid.pool:name=primaryDataSource,type=DruidDataSource]
2018-05-24 17:51:28,233 - Starting ProtocolHandler ["http-nio-8081"]
2018-05-24 17:51:28,234 - Using a shared selector for servlet write/read
2018-05-24 17:51:28,238 - Tomcat started on port(s): 8081 (http)
2018-05-24 17:51:28,240 - Started PcenterApplication in 1.485 seconds (JVM running for 238.308)
2018-05-24 17:51:49,083 - Starting PcenterApplication on SKY-20171023NXB with PID 6384 (D:\project\2018\project\pcenter\target\classes started by Administrator in D:\project\2018\project\pcenter)
2018-05-24 17:51:49,088 - No active profile set, falling back to default profiles: default
2018-05-24 17:51:49,155 - Refreshing org.springframework.boot.context.embedded.AnnotationConfigEmbeddedWebApplicationContext@252c2212: startup date [Thu May 24 17:51:49 CST 2018]; root of context hierarchy
2018-05-24 17:51:49,315 - HV000001: Hibernate Validator 5.3.6.Final
2018-05-24 17:51:50,062 - Multiple Spring Data modules found, entering strict repository configuration mode!
2018-05-24 17:51:50,208 - Cannot enhance @Configuration bean definition 'myBatisMapperScannerConfig' since its singleton instance has been created too early. The typical cause is a non-static @Bean method with a BeanDefinitionRegistryPostProcessor return type: Consider declaring such methods as 'static'.
2018-05-24 17:51:50,537 - Bean 'PCenterConfig' of type [com.flowyj.pcenter.config.PCenterConfig$$EnhancerBySpringCGLIB$$805156d5] is not eligible for getting processed by all BeanPostProcessors (for example: not eligible for auto-proxying)
2018-05-24 17:51:50,610 - Bean 'primaryDataSource' of type [com.alibaba.druid.pool.DruidDataSource] is not eligible for getting processed by all BeanPostProcessors (for example: not eligible for auto-proxying)
2018-05-24 17:51:50,617 - Bean 'org.springframework.boot.autoconfigure.jdbc.DataSourceAutoConfiguration' of type [org.springframework.boot.autoconfigure.jdbc.DataSourceAutoConfiguration$$EnhancerBySpringCGLIB$$27a316ea] is not eligible for getting processed by all BeanPostProcessors (for example: not eligible for auto-proxying)
2018-05-24 17:51:50,708 - Bean 'spring.datasource-org.springframework.boot.autoconfigure.jdbc.DataSourceProperties' of type [org.springframework.boot.autoconfigure.jdbc.DataSourceProperties] is not eligible for getting processed by all BeanPostProcessors (for example: not eligible for auto-proxying)
2018-05-24 17:51:50,720 - Bean 'dataSourceInitializer' of type [org.springframework.boot.autoconfigure.jdbc.DataSourceInitializer] is not eligible for getting processed by all BeanPostProcessors (for example: not eligible for auto-proxying)
2018-05-24 17:51:50,722 - Bean 'myBatisConfig' of type [com.flowyj.pcenter.config.MyBatisConfig$$EnhancerBySpringCGLIB$$e69658e3] is not eligible for getting processed by all BeanPostProcessors (for example: not eligible for auto-proxying)
2018-05-24 17:51:50,735 - Bean 'annotationDrivenTransactionManager' of type [org.springframework.jdbc.datasource.DataSourceTransactionManager] is not eligible for getting processed by all BeanPostProcessors (for example: not eligible for auto-proxying)
2018-05-24 17:51:50,735 - Bean 'org.springframework.transaction.annotation.ProxyTransactionManagementConfiguration' of type [org.springframework.transaction.annotation.ProxyTransactionManagementConfiguration$$EnhancerBySpringCGLIB$$45af738a] is not eligible for getting processed by all BeanPostProcessors (for example: not eligible for auto-proxying)
2018-05-24 17:51:51,103 - Tomcat initialized with port(s): 8081 (http)
2018-05-24 17:51:51,116 - Initializing ProtocolHandler ["http-nio-8081"]
2018-05-24 17:51:51,125 - Starting service [Tomcat]
2018-05-24 17:51:51,126 - Starting Servlet Engine: Apache Tomcat/8.5.29
2018-05-24 17:51:51,236 - Initializing Spring embedded WebApplicationContext
2018-05-24 17:51:51,237 - Root WebApplicationContext: initialization completed in 2082 ms
2018-05-24 17:51:51,419 - Mapping servlet: 'dispatcherServlet' to [/]
2018-05-24 17:51:51,424 - Mapping filter: 'characterEncodingFilter' to: [/*]
2018-05-24 17:51:51,424 - Mapping filter: 'hiddenHttpMethodFilter' to: [/*]
2018-05-24 17:51:51,424 - Mapping filter: 'httpPutFormContentFilter' to: [/*]
2018-05-24 17:51:51,424 - Mapping filter: 'requestContextFilter' to: [/*]
2018-05-24 17:51:51,424 - Mapping filter: 'originFilter' to: [/*]
2018-05-24 17:51:52,015 - Looking for @ControllerAdvice: org.springframework.boot.context.embedded.AnnotationConfigEmbeddedWebApplicationContext@252c2212: startup date [Thu May 24 17:51:49 CST 2018]; root of context hierarchy
2018-05-24 17:51:52,083 - Mapped "{[/login],methods=[GET]}" onto public com.flowyj.pcenter.domain.common.Result com.flowyj.pcenter.controller.LoginController.login(java.lang.String,java.lang.String)
2018-05-24 17:51:52,084 - Mapped "{[/loginOut],methods=[GET]}" onto public com.flowyj.pcenter.domain.common.Result com.flowyj.pcenter.controller.LoginController.loginOut(java.lang.String)
2018-05-24 17:51:52,087 - Mapped "{[/error]}" onto public org.springframework.http.ResponseEntity<java.util.Map<java.lang.String, java.lang.Object>> org.springframework.boot.autoconfigure.web.BasicErrorController.error(javax.servlet.http.HttpServletRequest)
2018-05-24 17:51:52,087 - Mapped "{[/error],produces=[text/html]}" onto public org.springframework.web.servlet.ModelAndView org.springframework.boot.autoconfigure.web.BasicErrorController.errorHtml(javax.servlet.http.HttpServletRequest,javax.servlet.http.HttpServletResponse)
2018-05-24 17:51:52,124 - Mapped URL path [/webjars/**] onto handler of type [class org.springframework.web.servlet.resource.ResourceHttpRequestHandler]
2018-05-24 17:51:52,124 - Mapped URL path [/**] onto handler of type [class org.springframework.web.servlet.resource.ResourceHttpRequestHandler]
2018-05-24 17:51:52,144 - Detected @ExceptionHandler methods in exceptionHandle
2018-05-24 17:51:52,173 - Mapped URL path [/**/favicon.ico] onto handler of type [class org.springframework.web.servlet.resource.ResourceHttpRequestHandler]
2018-05-24 17:51:52,536 - LiveReload server is running on port 35729
2018-05-24 17:51:52,687 - Registering beans for JMX exposure on startup
2018-05-24 17:51:52,688 - Bean with name 'primaryDataSource' has been autodetected for JMX exposure
2018-05-24 17:51:52,694 - Located MBean 'primaryDataSource': registering with JMX server as MBean [com.alibaba.druid.pool:name=primaryDataSource,type=DruidDataSource]
2018-05-24 17:51:52,703 - Starting ProtocolHandler ["http-nio-8081"]
2018-05-24 17:51:52,715 - Using a shared selector for servlet write/read
2018-05-24 17:51:52,728 - Tomcat started on port(s): 8081 (http)
2018-05-24 17:51:52,733 - Started PcenterApplication in 4.273 seconds (JVM running for 5.07)
2018-05-24 17:52:36,613 - Initializing Spring FrameworkServlet 'dispatcherServlet'
2018-05-24 17:52:36,614 - FrameworkServlet 'dispatcherServlet': initialization started
2018-05-24 17:52:36,639 - FrameworkServlet 'dispatcherServlet': initialization completed in 25 ms
2018-05-24 17:52:36,656 - =========================
2018-05-24 17:52:36,720 - {dataSource-1} inited
2018-05-24 17:53:29,381 - =========================
