2018-05-24 08:54:45,868 - 

***************************
APPLICATION FAILED TO START
***************************

Description:

Binding to target [Bindable@84487f4 type = org.springframework.boot.autoconfigure.web.ResourceProperties, value = 'provided', annotations = array<Annotation>[@org.springframework.boot.context.properties.ConfigurationProperties(prefix=spring.resources, value=spring.resources, ignoreUnknownFields=false, ignoreInvalidFields=false)]] failed:

    Property: spring.resources.cache-period
    Value: 0
    Origin: "spring.resources.cache-period" from property source "refresh"
    Reason: The elements [spring.resources.cache-period] were left unbound.

Action:

Update your application's configuration

2018-05-24 09:49:44,566 - 

***************************
APPLICATION FAILED TO START
***************************

Description:

Binding to target [Bindable@3c35c345 type = org.springframework.boot.autoconfigure.web.ResourceProperties, value = 'provided', annotations = array<Annotation>[@org.springframework.boot.context.properties.ConfigurationProperties(prefix=spring.resources, value=spring.resources, ignoreUnknownFields=false, ignoreInvalidFields=false)]] failed:

    Property: spring.resources.cache-period
    Value: 0
    Origin: "spring.resources.cache-period" from property source "refresh"
    Reason: The elements [spring.resources.cache-period] were left unbound.

Action:

Update your application's configuration

2018-05-24 10:55:40,353 - Application run failed
java.lang.IllegalArgumentException: At least one base package must be specified
	at org.springframework.util.Assert.notEmpty(Assert.java:361)
	at org.springframework.context.annotation.ClassPathBeanDefinitionScanner.doScan(ClassPathBeanDefinitionScanner.java:272)
	at org.mybatis.spring.mapper.ClassPathMapperScanner.doScan(ClassPathMapperScanner.java:163)
	at org.mybatis.spring.annotation.MapperScannerRegistrar.registerBeanDefinitions(MapperScannerRegistrar.java:104)
	at org.springframework.context.annotation.ConfigurationClassBeanDefinitionReader.lambda$loadBeanDefinitionsFromRegistrars$1(ConfigurationClassBeanDefinitionReader.java:358)
	at java.util.LinkedHashMap.forEach(LinkedHashMap.java:684)
	at org.springframework.context.annotation.ConfigurationClassBeanDefinitionReader.loadBeanDefinitionsFromRegistrars(ConfigurationClassBeanDefinitionReader.java:357)
	at org.springframework.context.annotation.ConfigurationClassBeanDefinitionReader.loadBeanDefinitionsForConfigurationClass(ConfigurationClassBeanDefinitionReader.java:145)
	at org.springframework.context.annotation.ConfigurationClassBeanDefinitionReader.loadBeanDefinitions(ConfigurationClassBeanDefinitionReader.java:117)
	at org.springframework.context.annotation.ConfigurationClassPostProcessor.processConfigBeanDefinitions(ConfigurationClassPostProcessor.java:328)
	at org.springframework.context.annotation.ConfigurationClassPostProcessor.postProcessBeanDefinitionRegistry(ConfigurationClassPostProcessor.java:233)
	at org.springframework.context.support.PostProcessorRegistrationDelegate.invokeBeanDefinitionRegistryPostProcessors(PostProcessorRegistrationDelegate.java:273)
	at org.springframework.context.support.PostProcessorRegistrationDelegate.invokeBeanFactoryPostProcessors(PostProcessorRegistrationDelegate.java:93)
	at org.springframework.context.support.AbstractApplicationContext.invokeBeanFactoryPostProcessors(AbstractApplicationContext.java:694)
	at org.springframework.context.support.AbstractApplicationContext.refresh(AbstractApplicationContext.java:532)
	at org.springframework.boot.web.servlet.context.ServletWebServerApplicationContext.refresh(ServletWebServerApplicationContext.java:140)
	at org.springframework.boot.SpringApplication.refresh(SpringApplication.java:759)
	at org.springframework.boot.SpringApplication.refreshContext(SpringApplication.java:395)
	at org.springframework.boot.SpringApplication.run(SpringApplication.java:327)
	at org.springframework.boot.SpringApplication.run(SpringApplication.java:1255)
	at org.springframework.boot.SpringApplication.run(SpringApplication.java:1243)
	at com.flowyj.pcenter.PcenterApplication.main(PcenterApplication.java:16)
2018-05-24 10:59:40,261 - Application run failed
java.lang.IllegalArgumentException: At least one base package must be specified
	at org.springframework.util.Assert.notEmpty(Assert.java:361)
	at org.springframework.context.annotation.ClassPathBeanDefinitionScanner.doScan(ClassPathBeanDefinitionScanner.java:272)
	at org.mybatis.spring.mapper.ClassPathMapperScanner.doScan(ClassPathMapperScanner.java:163)
	at org.mybatis.spring.annotation.MapperScannerRegistrar.registerBeanDefinitions(MapperScannerRegistrar.java:104)
	at org.springframework.context.annotation.ConfigurationClassBeanDefinitionReader.lambda$loadBeanDefinitionsFromRegistrars$1(ConfigurationClassBeanDefinitionReader.java:358)
	at java.util.LinkedHashMap.forEach(LinkedHashMap.java:684)
	at org.springframework.context.annotation.ConfigurationClassBeanDefinitionReader.loadBeanDefinitionsFromRegistrars(ConfigurationClassBeanDefinitionReader.java:357)
	at org.springframework.context.annotation.ConfigurationClassBeanDefinitionReader.loadBeanDefinitionsForConfigurationClass(ConfigurationClassBeanDefinitionReader.java:145)
	at org.springframework.context.annotation.ConfigurationClassBeanDefinitionReader.loadBeanDefinitions(ConfigurationClassBeanDefinitionReader.java:117)
	at org.springframework.context.annotation.ConfigurationClassPostProcessor.processConfigBeanDefinitions(ConfigurationClassPostProcessor.java:328)
	at org.springframework.context.annotation.ConfigurationClassPostProcessor.postProcessBeanDefinitionRegistry(ConfigurationClassPostProcessor.java:233)
	at org.springframework.context.support.PostProcessorRegistrationDelegate.invokeBeanDefinitionRegistryPostProcessors(PostProcessorRegistrationDelegate.java:273)
	at org.springframework.context.support.PostProcessorRegistrationDelegate.invokeBeanFactoryPostProcessors(PostProcessorRegistrationDelegate.java:93)
	at org.springframework.context.support.AbstractApplicationContext.invokeBeanFactoryPostProcessors(AbstractApplicationContext.java:694)
	at org.springframework.context.support.AbstractApplicationContext.refresh(AbstractApplicationContext.java:532)
	at org.springframework.boot.web.servlet.context.ServletWebServerApplicationContext.refresh(ServletWebServerApplicationContext.java:140)
	at org.springframework.boot.SpringApplication.refresh(SpringApplication.java:759)
	at org.springframework.boot.SpringApplication.refreshContext(SpringApplication.java:395)
	at org.springframework.boot.SpringApplication.run(SpringApplication.java:327)
	at org.springframework.boot.SpringApplication.run(SpringApplication.java:1255)
	at org.springframework.boot.SpringApplication.run(SpringApplication.java:1243)
	at com.flowyj.pcenter.PcenterApplication.main(PcenterApplication.java:16)
2018-05-24 11:00:38,760 - 

***************************
APPLICATION FAILED TO START
***************************

Description:

Binding to target [Bindable@173797f0 type = org.springframework.boot.autoconfigure.web.ResourceProperties, value = 'provided', annotations = array<Annotation>[@org.springframework.boot.context.properties.ConfigurationProperties(prefix=spring.resources, value=spring.resources, ignoreUnknownFields=false, ignoreInvalidFields=false)]] failed:

    Property: spring.resources.cache-period
    Value: 0
    Origin: "spring.resources.cache-period" from property source "refresh"
    Reason: The elements [spring.resources.cache-period] were left unbound.

Action:

Update your application's configuration

2018-05-24 11:01:15,995 - 

***************************
APPLICATION FAILED TO START
***************************

Description:

Binding to target [Bindable@3f92a84e type = org.springframework.boot.autoconfigure.web.ResourceProperties, value = 'provided', annotations = array<Annotation>[@org.springframework.boot.context.properties.ConfigurationProperties(prefix=spring.resources, value=spring.resources, ignoreInvalidFields=false, ignoreUnknownFields=false)]] failed:

    Property: spring.resources.cache-period
    Value: 0
    Origin: "spring.resources.cache-period" from property source "refresh"
    Reason: The elements [spring.resources.cache-period] were left unbound.

Action:

Update your application's configuration

2018-05-24 11:02:21,927 - 

***************************
APPLICATION FAILED TO START
***************************

Description:

Binding to target [Bindable@61d84e08 type = org.springframework.boot.autoconfigure.web.ResourceProperties, value = 'provided', annotations = array<Annotation>[@org.springframework.boot.context.properties.ConfigurationProperties(prefix=spring.resources, value=spring.resources, ignoreUnknownFields=false, ignoreInvalidFields=false)]] failed:

    Property: spring.resources.cache-period
    Value: 0
    Origin: "spring.resources.cache-period" from property source "refresh"
    Reason: The elements [spring.resources.cache-period] were left unbound.

Action:

Update your application's configuration

2018-05-24 11:02:49,976 - 

***************************
APPLICATION FAILED TO START
***************************

Description:

Binding to target [Bindable@33d53216 type = org.springframework.boot.autoconfigure.web.ResourceProperties, value = 'provided', annotations = array<Annotation>[@org.springframework.boot.context.properties.ConfigurationProperties(prefix=spring.resources, value=spring.resources, ignoreInvalidFields=false, ignoreUnknownFields=false)]] failed:

    Property: spring.resources.cache-period
    Value: 0
    Origin: "spring.resources.cache-period" from property source "refresh"
    Reason: The elements [spring.resources.cache-period] were left unbound.

Action:

Update your application's configuration

2018-05-24 11:04:24,029 - 

***************************
APPLICATION FAILED TO START
***************************

Description:

Binding to target [Bindable@3c35c345 type = org.springframework.boot.autoconfigure.web.ResourceProperties, value = 'provided', annotations = array<Annotation>[@org.springframework.boot.context.properties.ConfigurationProperties(prefix=spring.resources, value=spring.resources, ignoreInvalidFields=false, ignoreUnknownFields=false)]] failed:

    Property: spring.resources.cache-period
    Value: 0
    Origin: "spring.resources.cache-period" from property source "refresh"
    Reason: The elements [spring.resources.cache-period] were left unbound.

Action:

Update your application's configuration

2018-05-24 11:05:23,465 - 

***************************
APPLICATION FAILED TO START
***************************

Description:

Binding to target [Bindable@10cd6753 type = org.springframework.boot.autoconfigure.web.ResourceProperties, value = 'provided', annotations = array<Annotation>[@org.springframework.boot.context.properties.ConfigurationProperties(prefix=spring.resources, value=spring.resources, ignoreInvalidFields=false, ignoreUnknownFields=false)]] failed:

    Property: spring.resources.cache-period
    Value: 0
    Origin: "spring.resources.cache-period" from property source "refresh"
    Reason: The elements [spring.resources.cache-period] were left unbound.

Action:

Update your application's configuration

