Application run failed
java.lang.IllegalStateException: Logback configuration error detected: 
ERROR in ch.qos.logback.core.joran.spi.Interpreter@10:22 - no applicable action for [charset], current ElementPath  is [[configuration][appender][layout][charset]]
	at org.springframework.boot.logging.logback.LogbackLoggingSystem.loadConfiguration(LogbackLoggingSystem.java:166)
	at org.springframework.boot.logging.AbstractLoggingSystem.initializeWithConventions(AbstractLoggingSystem.java:82)
	at org.springframework.boot.logging.AbstractLoggingSystem.initialize(AbstractLoggingSystem.java:60)
	at org.springframework.boot.logging.logback.LogbackLoggingSystem.initialize(LogbackLoggingSystem.java:114)
	at org.springframework.boot.context.logging.LoggingApplicationListener.initializeSystem(LoggingApplicationListener.java:264)
	at org.springframework.boot.context.logging.LoggingApplicationListener.initialize(LoggingApplicationListener.java:237)
	at org.springframework.boot.context.logging.LoggingApplicationListener.onApplicationEnvironmentPreparedEvent(LoggingApplicationListener.java:200)
	at org.springframework.boot.context.logging.LoggingApplicationListener.onApplicationEvent(LoggingApplicationListener.java:173)
	at org.springframework.context.event.SimpleApplicationEventMulticaster.doInvokeListener(SimpleApplicationEventMulticaster.java:172)
	at org.springframework.context.event.SimpleApplicationEventMulticaster.invokeListener(SimpleApplicationEventMulticaster.java:165)
	at org.springframework.context.event.SimpleApplicationEventMulticaster.multicastEvent(SimpleApplicationEventMulticaster.java:139)
	at org.springframework.context.event.SimpleApplicationEventMulticaster.multicastEvent(SimpleApplicationEventMulticaster.java:127)
	at org.springframework.boot.context.event.EventPublishingRunListener.environmentPrepared(EventPublishingRunListener.java:74)
	at org.springframework.boot.SpringApplicationRunListeners.environmentPrepared(SpringApplicationRunListeners.java:54)
	at org.springframework.boot.SpringApplication.prepareEnvironment(SpringApplication.java:351)
	at org.springframework.boot.SpringApplication.run(SpringApplication.java:317)
	at org.springframework.boot.SpringApplication.run(SpringApplication.java:1246)
	at org.springframework.boot.SpringApplication.run(SpringApplication.java:1234)
	at com.jiemin.wages.WagesApplication.main(WagesApplication.java:10)
Servlet.service() for servlet [dispatcherServlet] in context with path [] threw exception [Circular view path [index]: would dispatch back to the current handler URL [/index] again. Check your ViewResolver setup! (Hint: This may be the result of an unspecified view, due to default view name generation.)] with root cause
javax.servlet.ServletException: Circular view path [index]: would dispatch back to the current handler URL [/index] again. Check your ViewResolver setup! (Hint: This may be the result of an unspecified view, due to default view name generation.)
	at org.springframework.web.servlet.view.InternalResourceView.prepareForRendering(InternalResourceView.java:209)
	at org.springframework.web.servlet.view.InternalResourceView.renderMergedOutputModel(InternalResourceView.java:147)
	at org.springframework.web.servlet.view.AbstractView.render(AbstractView.java:314)
	at org.springframework.web.servlet.DispatcherServlet.render(DispatcherServlet.java:1325)
	at org.springframework.web.servlet.DispatcherServlet.processDispatchResult(DispatcherServlet.java:1069)
	at org.springframework.web.servlet.DispatcherServlet.doDispatch(DispatcherServlet.java:1008)
	at org.springframework.web.servlet.DispatcherServlet.doService(DispatcherServlet.java:925)
	at org.springframework.web.servlet.FrameworkServlet.processRequest(FrameworkServlet.java:978)
	at org.springframework.web.servlet.FrameworkServlet.doGet(FrameworkServlet.java:870)
	at javax.servlet.http.HttpServlet.service(HttpServlet.java:635)
	at org.springframework.web.servlet.FrameworkServlet.service(FrameworkServlet.java:855)
	at javax.servlet.http.HttpServlet.service(HttpServlet.java:742)
	at org.apache.catalina.core.ApplicationFilterChain.internalDoFilter(ApplicationFilterChain.java:231)
	at org.apache.catalina.core.ApplicationFilterChain.doFilter(ApplicationFilterChain.java:166)
	at org.apache.tomcat.websocket.server.WsFilter.doFilter(WsFilter.java:52)
	at org.apache.catalina.core.ApplicationFilterChain.internalDoFilter(ApplicationFilterChain.java:193)
	at org.apache.catalina.core.ApplicationFilterChain.doFilter(ApplicationFilterChain.java:166)
	at org.springframework.web.filter.RequestContextFilter.doFilterInternal(RequestContextFilter.java:99)
	at org.springframework.web.filter.OncePerRequestFilter.doFilter(OncePerRequestFilter.java:107)
	at org.apache.catalina.core.ApplicationFilterChain.internalDoFilter(ApplicationFilterChain.java:193)
	at org.apache.catalina.core.ApplicationFilterChain.doFilter(ApplicationFilterChain.java:166)
	at org.springframework.web.filter.HttpPutFormContentFilter.doFilterInternal(HttpPutFormContentFilter.java:109)
	at org.springframework.web.filter.OncePerRequestFilter.doFilter(OncePerRequestFilter.java:107)
	at org.apache.catalina.core.ApplicationFilterChain.internalDoFilter(ApplicationFilterChain.java:193)
	at org.apache.catalina.core.ApplicationFilterChain.doFilter(ApplicationFilterChain.java:166)
	at org.springframework.web.filter.HiddenHttpMethodFilter.doFilterInternal(HiddenHttpMethodFilter.java:81)
	at org.springframework.web.filter.OncePerRequestFilter.doFilter(OncePerRequestFilter.java:107)
	at org.apache.catalina.core.ApplicationFilterChain.internalDoFilter(ApplicationFilterChain.java:193)
	at org.apache.catalina.core.ApplicationFilterChain.doFilter(ApplicationFilterChain.java:166)
	at org.springframework.web.filter.CharacterEncodingFilter.doFilterInternal(CharacterEncodingFilter.java:200)
	at org.springframework.web.filter.OncePerRequestFilter.doFilter(OncePerRequestFilter.java:107)
	at org.apache.catalina.core.ApplicationFilterChain.internalDoFilter(ApplicationFilterChain.java:193)
	at org.apache.catalina.core.ApplicationFilterChain.doFilter(ApplicationFilterChain.java:166)
	at org.apache.catalina.core.StandardWrapperValve.invoke(StandardWrapperValve.java:199)
	at org.apache.catalina.core.StandardContextValve.invoke(StandardContextValve.java:96)
	at org.apache.catalina.authenticator.AuthenticatorBase.invoke(AuthenticatorBase.java:496)
	at org.apache.catalina.core.StandardHostValve.invoke(StandardHostValve.java:140)
	at org.apache.catalina.valves.ErrorReportValve.invoke(ErrorReportValve.java:81)
	at org.apache.catalina.core.StandardEngineValve.invoke(StandardEngineValve.java:87)
	at org.apache.catalina.connector.CoyoteAdapter.service(CoyoteAdapter.java:342)
	at org.apache.coyote.http11.Http11Processor.service(Http11Processor.java:803)
	at org.apache.coyote.AbstractProcessorLight.process(AbstractProcessorLight.java:66)
	at org.apache.coyote.AbstractProtocol$ConnectionHandler.process(AbstractProtocol.java:790)
	at org.apache.tomcat.util.net.NioEndpoint$SocketProcessor.doRun(NioEndpoint.java:1459)
	at org.apache.tomcat.util.net.SocketProcessorBase.run(SocketProcessorBase.java:49)
	at java.util.concurrent.ThreadPoolExecutor.runWorker(ThreadPoolExecutor.java:1142)
	at java.util.concurrent.ThreadPoolExecutor$Worker.run(ThreadPoolExecutor.java:617)
	at org.apache.tomcat.util.threads.TaskThread$WrappingRunnable.run(TaskThread.java:61)
	at java.lang.Thread.run(Thread.java:748)


***************************
APPLICATION FAILED TO START
***************************

Description:

Field mapper in com.jiemin.wages.service.ConsumeService required a bean of type 'com.jiemin.wages.mapper.ConsumeMapper' that could not be found.


Action:

Consider defining a bean of type 'com.jiemin.wages.mapper.ConsumeMapper' in your configuration.



***************************
APPLICATION FAILED TO START
***************************

Description:

Field mapper in com.jiemin.wages.service.ConsumeService required a bean of type 'com.jiemin.wages.mapper.ConsumeMapper' that could not be found.


Action:

Consider defining a bean of type 'com.jiemin.wages.mapper.ConsumeMapper' in your configuration.



***************************
APPLICATION FAILED TO START
***************************

Description:

Field mapper in com.jiemin.wages.service.ConsumeService required a bean of type 'com.jiemin.wages.mapper.ConsumeMapper' that could not be found.


Action:

Consider defining a bean of type 'com.jiemin.wages.mapper.ConsumeMapper' in your configuration.



***************************
APPLICATION FAILED TO START
***************************

Description:

Field mapper in com.jiemin.wages.service.ConsumeService required a bean of type 'com.jiemin.wages.mapper.ConsumeMapper' that could not be found.


Action:

Consider defining a bean of type 'com.jiemin.wages.mapper.ConsumeMapper' in your configuration.



***************************
APPLICATION FAILED TO START
***************************

Description:

Field mapper in com.jiemin.wages.service.ConsumeService required a bean of type 'com.jiemin.wages.mapper.ConsumeMapper' that could not be found.


Action:

Consider defining a bean of type 'com.jiemin.wages.mapper.ConsumeMapper' in your configuration.

Application run failed
org.springframework.beans.factory.UnsatisfiedDependencyException: Error creating bean with name 'loginInterceptor': Unsatisfied dependency expressed through method 'preHandle' parameter 2; nested exception is org.springframework.beans.factory.NoUniqueBeanDefinitionException: No qualifying bean of type 'java.lang.Object' available: more than one 'primary' bean found among candidates: [org.springframework.context.annotation.internalConfigurationAnnotationProcessor, org.springframework.context.annotation.internalAutowiredAnnotationProcessor, org.springframework.context.annotation.internalRequiredAnnotationProcessor, org.springframework.context.annotation.internalCommonAnnotationProcessor, org.springframework.context.event.internalEventListenerProcessor, org.springframework.context.event.internalEventListenerFactory, wagesApplication, org.springframework.boot.autoconfigure.internalCachingMetadataReaderFactory, httpAspect, dataSourceConfig, farmWebMvcConfigurerAdapter, myBatisConfig, myBatisMapperScannerConfig, originFilter, webSocketConfig, exceptionHandle, farmProperties, primaryDataSource, org.springframework.transaction.annotation.ProxyTransactionManagementConfiguration, org.springframework.transaction.config.internalTransactionAdvisor, transactionAttributeSource, transactionInterceptor, org.springframework.transaction.config.internalTransactionalEventListenerFactory, annotationDrivenTransactionManager, sqlSessionFactory, sqlSessionTemplate, org.springframework.aop.config.internalAutoProxyCreator, mapperScannerConfigurer, serverEndpointExporter, org.springframework.boot.autoconfigure.AutoConfigurationPackages, org.springframework.boot.autoconfigure.context.PropertyPlaceholderAutoConfiguration, org.springframework.boot.autoconfigure.condition.BeanTypeRegistry, propertySourcesPlaceholderConfigurer, org.springframework.boot.autoconfigure.jackson.JacksonAutoConfiguration$Jackson2ObjectMapperBuilderCustomizerConfiguration, standardJacksonObjectMapperBuilderCustomizer, spring.jackson-org.springframework.boot.autoconfigure.jackson.JacksonProperties, org.springframework.boot.context.properties.ConfigurationPropertiesBindingPostProcessor, org.springframework.boot.context.properties.ConfigurationBeanFactoryMetadata, org.springframework.boot.autoconfigure.jackson.JacksonAutoConfiguration$JacksonObjectMapperBuilderConfiguration, jacksonObjectMapperBuilder, org.springframework.boot.autoconfigure.jackson.JacksonAutoConfiguration$ParameterNamesModuleConfiguration, parameterNamesModule, org.springframework.boot.autoconfigure.jackson.JacksonAutoConfiguration$JacksonObjectMapperConfiguration, jacksonObjectMapper, org.springframework.boot.autoconfigure.jackson.JacksonAutoConfiguration, jsonComponentModule, org.springframework.boot.autoconfigure.websocket.servlet.WebSocketServletAutoConfiguration$TomcatWebSocketConfiguration, websocketContainerCustomizer, org.springframework.boot.autoconfigure.websocket.servlet.WebSocketServletAutoConfiguration, org.springframework.boot.autoconfigure.web.servlet.ServletWebServerFactoryConfiguration$EmbeddedTomcat, tomcatServletWebServerFactory, org.springframework.boot.autoconfigure.web.servlet.ServletWebServerFactoryAutoConfiguration, servletWebServerFactoryCustomizer, tomcatServletWebServerFactoryCustomizer, server-org.springframework.boot.autoconfigure.web.ServerProperties, webServerFactoryCustomizerBeanPostProcessor, errorPageRegistrarBeanPostProcessor, org.springframework.boot.autoconfigure.web.servlet.DispatcherServletAutoConfiguration$DispatcherServletConfiguration, dispatcherServlet, spring.mvc-org.springframework.boot.autoconfigure.web.servlet.WebMvcProperties, org.springframework.boot.autoconfigure.web.servlet.DispatcherServletAutoConfiguration$DispatcherServletRegistrationConfiguration, dispatcherServletRegistration, org.springframework.boot.autoconfigure.web.servlet.DispatcherServletAutoConfiguration, org.springframework.boot.autoconfigure.http.codec.CodecsAutoConfiguration$JacksonCodecConfiguration, jacksonCodecCustomizer, org.springframework.boot.autoconfigure.http.codec.CodecsAutoConfiguration, org.springframework.boot.autoconfigure.validation.ValidationAutoConfiguration, defaultValidator, methodValidationPostProcessor, org.springframework.boot.autoconfigure.jdbc.metadata.DataSourcePoolMetadataProvidersConfiguration, org.springframework.boot.autoconfigure.jdbc.DataSourceInitializerInvoker, org.springframework.boot.autoconfigure.jdbc.DataSourceInitializationConfiguration, dataSourceInitializerPostProcessor, org.springframework.boot.autoconfigure.jdbc.DataSourceAutoConfiguration, spring.datasource-org.springframework.boot.autoconfigure.jdbc.DataSourceProperties, org.springframework.boot.autoconfigure.jdbc.JdbcTemplateAutoConfiguration$JdbcTemplateConfiguration, jdbcTemplate, org.springframework.boot.autoconfigure.jdbc.JdbcTemplateAutoConfiguration$NamedParameterJdbcTemplateConfiguration, namedParameterJdbcTemplate, org.springframework.boot.autoconfigure.jdbc.JdbcTemplateAutoConfiguration, spring.jdbc-org.springframework.boot.autoconfigure.jdbc.JdbcProperties, org.springframework.boot.autoconfigure.data.redis.LettuceConnectionConfiguration, lettuceClientResources, redisConnectionFactory, org.springframework.boot.autoconfigure.data.redis.RedisAutoConfiguration, redisTemplate, stringRedisTemplate, spring.redis-org.springframework.boot.autoconfigure.data.redis.RedisProperties, org.springframework.boot.autoconfigure.data.redis.RedisReactiveAutoConfiguration, reactiveRedisTemplate, org.springframework.boot.autoconfigure.web.servlet.error.ErrorMvcAutoConfiguration$WhitelabelErrorViewConfiguration, error, beanNameViewResolver, org.springframework.boot.autoconfigure.web.servlet.error.ErrorMvcAutoConfiguration$DefaultErrorViewResolverConfiguration, conventionErrorViewResolver, org.springframework.boot.autoconfigure.web.servlet.error.ErrorMvcAutoConfiguration, errorAttributes, basicErrorController, errorPageCustomizer, preserveErrorControllerTargetClassPostProcessor, spring.resources-org.springframework.boot.autoconfigure.web.ResourceProperties, org.springframework.boot.autoconfigure.web.servlet.WebMvcAutoConfiguration$ResourceChainCustomizerConfiguration, resourceHandlerRegistrationCustomizer, org.springframework.boot.autoconfigure.web.servlet.WebMvcAutoConfiguration$EnableWebMvcConfiguration, requestMappingHandlerAdapter, requestMappingHandlerMapping, mvcConversionService, mvcValidator, mvcContentNegotiationManager, mvcPathMatcher, mvcUrlPathHelper, viewControllerHandlerMapping, beanNameHandlerMapping, resourceHandlerMapping, mvcResourceUrlProvider, defaultServletHandlerMapping, mvcUriComponentsContributor, httpRequestHandlerAdapter, simpleControllerHandlerAdapter, handlerExceptionResolver, mvcViewResolver, mvcHandlerMappingIntrospector, org.springframework.boot.autoconfigure.web.servlet.WebMvcAutoConfiguration$WebMvcAutoConfigurationAdapter$FaviconConfiguration, faviconHandlerMapping, faviconRequestHandler, org.springframework.boot.autoconfigure.web.servlet.WebMvcAutoConfiguration$WebMvcAutoConfigurationAdapter, defaultViewResolver, viewResolver, welcomePageHandlerMapping, requestContextFilter, org.springframework.boot.autoconfigure.web.servlet.WebMvcAutoConfiguration, hiddenHttpMethodFilter, httpPutFormContentFilter, org.springframework.boot.autoconfigure.jmx.JmxAutoConfiguration, mbeanExporter, objectNamingStrategy, mbeanServer, org.springframework.boot.autoconfigure.admin.SpringApplicationAdminJmxAutoConfiguration, springApplicationAdminRegistrar, org.springframework.boot.autoconfigure.aop.AopAutoConfiguration$CglibAutoProxyConfiguration, org.springframework.boot.autoconfigure.aop.AopAutoConfiguration, org.springframework.boot.autoconfigure.context.ConfigurationPropertiesAutoConfiguration, org.springframework.boot.autoconfigure.dao.PersistenceExceptionTranslationAutoConfiguration, persistenceExceptionTranslationPostProcessor, org.springframework.boot.autoconfigure.data.redis.RedisRepositoriesAutoConfiguration, keyValueMappingContext, redisCustomConversions, redisReferenceResolver, redisConverter, redisKeyValueAdapter, redisKeyValueTemplate, org.springframework.boot.autoconfigure.http.HttpMessageConvertersAutoConfiguration$StringHttpMessageConverterConfiguration, stringHttpMessageConverter, spring.http.encoding-org.springframework.boot.autoconfigure.http.HttpEncodingProperties, org.springframework.boot.autoconfigure.http.JacksonHttpMessageConvertersConfiguration$MappingJackson2HttpMessageConverterConfiguration, mappingJackson2HttpMessageConverter, org.springframework.boot.autoconfigure.http.JacksonHttpMessageConvertersConfiguration, org.springframework.boot.autoconfigure.http.HttpMessageConvertersAutoConfiguration, messageConverters, org.springframework.data.web.config.ProjectingArgumentResolverRegistrar, projectingArgumentResolverBeanPostProcessor, org.springframework.data.web.config.SpringDataWebConfiguration, pageableResolver, sortResolver, org.springframework.data.web.config.SpringDataJacksonConfiguration, jacksonGeoModule, org.springframework.boot.autoconfigure.data.web.SpringDataWebAutoConfiguration, pageableCustomizer, sortCustomizer, spring.data.web-org.springframework.boot.autoconfigure.data.web.SpringDataWebProperties, org.springframework.boot.autoconfigure.info.ProjectInfoAutoConfiguration, spring.info-org.springframework.boot.autoconfigure.info.ProjectInfoProperties, org.springframework.boot.autoconfigure.jdbc.DataSourceTransactionManagerAutoConfiguration$DataSourceTransactionManagerConfiguration, org.springframework.boot.autoconfigure.jdbc.DataSourceTransactionManagerAutoConfiguration, org.springframework.boot.autoconfigure.transaction.TransactionAutoConfiguration$TransactionTemplateConfiguration, transactionTemplate, org.springframework.boot.autoconfigure.transaction.TransactionAutoConfiguration, platformTransactionManagerCustomizers, spring.transaction-org.springframework.boot.autoconfigure.transaction.TransactionProperties, org.springframework.boot.autoconfigure.reactor.core.ReactorCoreAutoConfiguration, spring.reactor-org.springframework.boot.autoconfigure.reactor.core.ReactorCoreProperties, org.springframework.boot.autoconfigure.security.reactive.ReactiveSecurityAutoConfiguration, spring.security-org.springframework.boot.autoconfigure.security.SecurityProperties, org.springframework.boot.autoconfigure.thymeleaf.ThymeleafAutoConfiguration$ThymeleafJava8TimeDialect, java8TimeDialect, org.springframework.boot.autoconfigure.thymeleaf.ThymeleafAutoConfiguration$ThymeleafWebMvcConfiguration$ThymeleafViewResolverConfiguration, thymeleafViewResolver, org.springframework.boot.autoconfigure.thymeleaf.ThymeleafAutoConfiguration$ThymeleafWebMvcConfiguration, resourceUrlEncodingFilter, org.springframework.boot.autoconfigure.thymeleaf.ThymeleafAutoConfiguration$ThymeleafDefaultConfiguration, templateEngine, org.springframework.boot.autoconfigure.thymeleaf.ThymeleafAutoConfiguration$DefaultTemplateResolverConfiguration, defaultTemplateResolver, org.springframework.boot.autoconfigure.thymeleaf.ThymeleafAutoConfiguration, spring.thymeleaf-org.springframework.boot.autoconfigure.thymeleaf.ThymeleafProperties, org.springframework.boot.autoconfigure.web.client.RestTemplateAutoConfiguration, restTemplateBuilder, org.springframework.boot.autoconfigure.web.embedded.EmbeddedWebServerFactoryCustomizerAutoConfiguration$TomcatWebServerFactoryCustomizerConfiguration, tomcatWebServerFactoryCustomizer, org.springframework.boot.autoconfigure.web.embedded.EmbeddedWebServerFactoryCustomizerAutoConfiguration, org.springframework.boot.autoconfigure.web.servlet.HttpEncodingAutoConfiguration, characterEncodingFilter, localeCharsetMappingsCustomizer, org.springframework.boot.autoconfigure.web.servlet.MultipartAutoConfiguration, multipartConfigElement, multipartResolver, spring.servlet.multipart-org.springframework.boot.autoconfigure.web.servlet.MultipartProperties, org.springframework.boot.autoconfigure.websocket.servlet.WebSocketMessagingAutoConfiguration, autoConfigurationReport, org.springframework.boot.context.ContextIdApplicationContextInitializer$ContextId, springApplicationArguments, springBootBanner, springBootLoggingSystem, environment, systemProperties, systemEnvironment, org.springframework.context.annotation.ConfigurationClassPostProcessor.importRegistry, messageSource, applicationEventMulticaster, servletContext, contextParameters, contextAttributes]
	at org.springframework.beans.factory.annotation.AutowiredAnnotationBeanPostProcessor$AutowiredMethodElement.inject(AutowiredAnnotationBeanPostProcessor.java:668)
	at org.springframework.beans.factory.annotation.InjectionMetadata.inject(InjectionMetadata.java:91)
	at org.springframework.beans.factory.annotation.AutowiredAnnotationBeanPostProcessor.postProcessPropertyValues(AutowiredAnnotationBeanPostProcessor.java:373)
	at org.springframework.beans.factory.support.AbstractAutowireCapableBeanFactory.populateBean(AbstractAutowireCapableBeanFactory.java:1344)
	at org.springframework.beans.factory.support.AbstractAutowireCapableBeanFactory.doCreateBean(AbstractAutowireCapableBeanFactory.java:582)
	at org.springframework.beans.factory.support.AbstractAutowireCapableBeanFactory.createBean(AbstractAutowireCapableBeanFactory.java:502)
	at org.springframework.beans.factory.support.AbstractBeanFactory.lambda$doGetBean$0(AbstractBeanFactory.java:312)
	at org.springframework.beans.factory.support.DefaultSingletonBeanRegistry.getSingleton(DefaultSingletonBeanRegistry.java:228)
	at org.springframework.beans.factory.support.AbstractBeanFactory.doGetBean(AbstractBeanFactory.java:310)
	at org.springframework.beans.factory.support.AbstractBeanFactory.getBean(AbstractBeanFactory.java:200)
	at org.springframework.beans.factory.support.DefaultListableBeanFactory.preInstantiateSingletons(DefaultListableBeanFactory.java:760)
	at org.springframework.context.support.AbstractApplicationContext.finishBeanFactoryInitialization(AbstractApplicationContext.java:868)
	at org.springframework.context.support.AbstractApplicationContext.refresh(AbstractApplicationContext.java:549)
	at org.springframework.boot.web.servlet.context.ServletWebServerApplicationContext.refresh(ServletWebServerApplicationContext.java:140)
	at org.springframework.boot.SpringApplication.refresh(SpringApplication.java:752)
	at org.springframework.boot.SpringApplication.refreshContext(SpringApplication.java:388)
	at org.springframework.boot.SpringApplication.run(SpringApplication.java:327)
	at org.springframework.boot.SpringApplication.run(SpringApplication.java:1246)
	at org.springframework.boot.SpringApplication.run(SpringApplication.java:1234)
	at com.jiemin.wages.WagesApplication.main(WagesApplication.java:12)
Caused by: org.springframework.beans.factory.NoUniqueBeanDefinitionException: No qualifying bean of type 'java.lang.Object' available: more than one 'primary' bean found among candidates: [org.springframework.context.annotation.internalConfigurationAnnotationProcessor, org.springframework.context.annotation.internalAutowiredAnnotationProcessor, org.springframework.context.annotation.internalRequiredAnnotationProcessor, org.springframework.context.annotation.internalCommonAnnotationProcessor, org.springframework.context.event.internalEventListenerProcessor, org.springframework.context.event.internalEventListenerFactory, wagesApplication, org.springframework.boot.autoconfigure.internalCachingMetadataReaderFactory, httpAspect, dataSourceConfig, farmWebMvcConfigurerAdapter, myBatisConfig, myBatisMapperScannerConfig, originFilter, webSocketConfig, exceptionHandle, farmProperties, primaryDataSource, org.springframework.transaction.annotation.ProxyTransactionManagementConfiguration, org.springframework.transaction.config.internalTransactionAdvisor, transactionAttributeSource, transactionInterceptor, org.springframework.transaction.config.internalTransactionalEventListenerFactory, annotationDrivenTransactionManager, sqlSessionFactory, sqlSessionTemplate, org.springframework.aop.config.internalAutoProxyCreator, mapperScannerConfigurer, serverEndpointExporter, org.springframework.boot.autoconfigure.AutoConfigurationPackages, org.springframework.boot.autoconfigure.context.PropertyPlaceholderAutoConfiguration, org.springframework.boot.autoconfigure.condition.BeanTypeRegistry, propertySourcesPlaceholderConfigurer, org.springframework.boot.autoconfigure.jackson.JacksonAutoConfiguration$Jackson2ObjectMapperBuilderCustomizerConfiguration, standardJacksonObjectMapperBuilderCustomizer, spring.jackson-org.springframework.boot.autoconfigure.jackson.JacksonProperties, org.springframework.boot.context.properties.ConfigurationPropertiesBindingPostProcessor, org.springframework.boot.context.properties.ConfigurationBeanFactoryMetadata, org.springframework.boot.autoconfigure.jackson.JacksonAutoConfiguration$JacksonObjectMapperBuilderConfiguration, jacksonObjectMapperBuilder, org.springframework.boot.autoconfigure.jackson.JacksonAutoConfiguration$ParameterNamesModuleConfiguration, parameterNamesModule, org.springframework.boot.autoconfigure.jackson.JacksonAutoConfiguration$JacksonObjectMapperConfiguration, jacksonObjectMapper, org.springframework.boot.autoconfigure.jackson.JacksonAutoConfiguration, jsonComponentModule, org.springframework.boot.autoconfigure.websocket.servlet.WebSocketServletAutoConfiguration$TomcatWebSocketConfiguration, websocketContainerCustomizer, org.springframework.boot.autoconfigure.websocket.servlet.WebSocketServletAutoConfiguration, org.springframework.boot.autoconfigure.web.servlet.ServletWebServerFactoryConfiguration$EmbeddedTomcat, tomcatServletWebServerFactory, org.springframework.boot.autoconfigure.web.servlet.ServletWebServerFactoryAutoConfiguration, servletWebServerFactoryCustomizer, tomcatServletWebServerFactoryCustomizer, server-org.springframework.boot.autoconfigure.web.ServerProperties, webServerFactoryCustomizerBeanPostProcessor, errorPageRegistrarBeanPostProcessor, org.springframework.boot.autoconfigure.web.servlet.DispatcherServletAutoConfiguration$DispatcherServletConfiguration, dispatcherServlet, spring.mvc-org.springframework.boot.autoconfigure.web.servlet.WebMvcProperties, org.springframework.boot.autoconfigure.web.servlet.DispatcherServletAutoConfiguration$DispatcherServletRegistrationConfiguration, dispatcherServletRegistration, org.springframework.boot.autoconfigure.web.servlet.DispatcherServletAutoConfiguration, org.springframework.boot.autoconfigure.http.codec.CodecsAutoConfiguration$JacksonCodecConfiguration, jacksonCodecCustomizer, org.springframework.boot.autoconfigure.http.codec.CodecsAutoConfiguration, org.springframework.boot.autoconfigure.validation.ValidationAutoConfiguration, defaultValidator, methodValidationPostProcessor, org.springframework.boot.autoconfigure.jdbc.metadata.DataSourcePoolMetadataProvidersConfiguration, org.springframework.boot.autoconfigure.jdbc.DataSourceInitializerInvoker, org.springframework.boot.autoconfigure.jdbc.DataSourceInitializationConfiguration, dataSourceInitializerPostProcessor, org.springframework.boot.autoconfigure.jdbc.DataSourceAutoConfiguration, spring.datasource-org.springframework.boot.autoconfigure.jdbc.DataSourceProperties, org.springframework.boot.autoconfigure.jdbc.JdbcTemplateAutoConfiguration$JdbcTemplateConfiguration, jdbcTemplate, org.springframework.boot.autoconfigure.jdbc.JdbcTemplateAutoConfiguration$NamedParameterJdbcTemplateConfiguration, namedParameterJdbcTemplate, org.springframework.boot.autoconfigure.jdbc.JdbcTemplateAutoConfiguration, spring.jdbc-org.springframework.boot.autoconfigure.jdbc.JdbcProperties, org.springframework.boot.autoconfigure.data.redis.LettuceConnectionConfiguration, lettuceClientResources, redisConnectionFactory, org.springframework.boot.autoconfigure.data.redis.RedisAutoConfiguration, redisTemplate, stringRedisTemplate, spring.redis-org.springframework.boot.autoconfigure.data.redis.RedisProperties, org.springframework.boot.autoconfigure.data.redis.RedisReactiveAutoConfiguration, reactiveRedisTemplate, org.springframework.boot.autoconfigure.web.servlet.error.ErrorMvcAutoConfiguration$WhitelabelErrorViewConfiguration, error, beanNameViewResolver, org.springframework.boot.autoconfigure.web.servlet.error.ErrorMvcAutoConfiguration$DefaultErrorViewResolverConfiguration, conventionErrorViewResolver, org.springframework.boot.autoconfigure.web.servlet.error.ErrorMvcAutoConfiguration, errorAttributes, basicErrorController, errorPageCustomizer, preserveErrorControllerTargetClassPostProcessor, spring.resources-org.springframework.boot.autoconfigure.web.ResourceProperties, org.springframework.boot.autoconfigure.web.servlet.WebMvcAutoConfiguration$ResourceChainCustomizerConfiguration, resourceHandlerRegistrationCustomizer, org.springframework.boot.autoconfigure.web.servlet.WebMvcAutoConfiguration$EnableWebMvcConfiguration, requestMappingHandlerAdapter, requestMappingHandlerMapping, mvcConversionService, mvcValidator, mvcContentNegotiationManager, mvcPathMatcher, mvcUrlPathHelper, viewControllerHandlerMapping, beanNameHandlerMapping, resourceHandlerMapping, mvcResourceUrlProvider, defaultServletHandlerMapping, mvcUriComponentsContributor, httpRequestHandlerAdapter, simpleControllerHandlerAdapter, handlerExceptionResolver, mvcViewResolver, mvcHandlerMappingIntrospector, org.springframework.boot.autoconfigure.web.servlet.WebMvcAutoConfiguration$WebMvcAutoConfigurationAdapter$FaviconConfiguration, faviconHandlerMapping, faviconRequestHandler, org.springframework.boot.autoconfigure.web.servlet.WebMvcAutoConfiguration$WebMvcAutoConfigurationAdapter, defaultViewResolver, viewResolver, welcomePageHandlerMapping, requestContextFilter, org.springframework.boot.autoconfigure.web.servlet.WebMvcAutoConfiguration, hiddenHttpMethodFilter, httpPutFormContentFilter, org.springframework.boot.autoconfigure.jmx.JmxAutoConfiguration, mbeanExporter, objectNamingStrategy, mbeanServer, org.springframework.boot.autoconfigure.admin.SpringApplicationAdminJmxAutoConfiguration, springApplicationAdminRegistrar, org.springframework.boot.autoconfigure.aop.AopAutoConfiguration$CglibAutoProxyConfiguration, org.springframework.boot.autoconfigure.aop.AopAutoConfiguration, org.springframework.boot.autoconfigure.context.ConfigurationPropertiesAutoConfiguration, org.springframework.boot.autoconfigure.dao.PersistenceExceptionTranslationAutoConfiguration, persistenceExceptionTranslationPostProcessor, org.springframework.boot.autoconfigure.data.redis.RedisRepositoriesAutoConfiguration, keyValueMappingContext, redisCustomConversions, redisReferenceResolver, redisConverter, redisKeyValueAdapter, redisKeyValueTemplate, org.springframework.boot.autoconfigure.http.HttpMessageConvertersAutoConfiguration$StringHttpMessageConverterConfiguration, stringHttpMessageConverter, spring.http.encoding-org.springframework.boot.autoconfigure.http.HttpEncodingProperties, org.springframework.boot.autoconfigure.http.JacksonHttpMessageConvertersConfiguration$MappingJackson2HttpMessageConverterConfiguration, mappingJackson2HttpMessageConverter, org.springframework.boot.autoconfigure.http.JacksonHttpMessageConvertersConfiguration, org.springframework.boot.autoconfigure.http.HttpMessageConvertersAutoConfiguration, messageConverters, org.springframework.data.web.config.ProjectingArgumentResolverRegistrar, projectingArgumentResolverBeanPostProcessor, org.springframework.data.web.config.SpringDataWebConfiguration, pageableResolver, sortResolver, org.springframework.data.web.config.SpringDataJacksonConfiguration, jacksonGeoModule, org.springframework.boot.autoconfigure.data.web.SpringDataWebAutoConfiguration, pageableCustomizer, sortCustomizer, spring.data.web-org.springframework.boot.autoconfigure.data.web.SpringDataWebProperties, org.springframework.boot.autoconfigure.info.ProjectInfoAutoConfiguration, spring.info-org.springframework.boot.autoconfigure.info.ProjectInfoProperties, org.springframework.boot.autoconfigure.jdbc.DataSourceTransactionManagerAutoConfiguration$DataSourceTransactionManagerConfiguration, org.springframework.boot.autoconfigure.jdbc.DataSourceTransactionManagerAutoConfiguration, org.springframework.boot.autoconfigure.transaction.TransactionAutoConfiguration$TransactionTemplateConfiguration, transactionTemplate, org.springframework.boot.autoconfigure.transaction.TransactionAutoConfiguration, platformTransactionManagerCustomizers, spring.transaction-org.springframework.boot.autoconfigure.transaction.TransactionProperties, org.springframework.boot.autoconfigure.reactor.core.ReactorCoreAutoConfiguration, spring.reactor-org.springframework.boot.autoconfigure.reactor.core.ReactorCoreProperties, org.springframework.boot.autoconfigure.security.reactive.ReactiveSecurityAutoConfiguration, spring.security-org.springframework.boot.autoconfigure.security.SecurityProperties, org.springframework.boot.autoconfigure.thymeleaf.ThymeleafAutoConfiguration$ThymeleafJava8TimeDialect, java8TimeDialect, org.springframework.boot.autoconfigure.thymeleaf.ThymeleafAutoConfiguration$ThymeleafWebMvcConfiguration$ThymeleafViewResolverConfiguration, thymeleafViewResolver, org.springframework.boot.autoconfigure.thymeleaf.ThymeleafAutoConfiguration$ThymeleafWebMvcConfiguration, resourceUrlEncodingFilter, org.springframework.boot.autoconfigure.thymeleaf.ThymeleafAutoConfiguration$ThymeleafDefaultConfiguration, templateEngine, org.springframework.boot.autoconfigure.thymeleaf.ThymeleafAutoConfiguration$DefaultTemplateResolverConfiguration, defaultTemplateResolver, org.springframework.boot.autoconfigure.thymeleaf.ThymeleafAutoConfiguration, spring.thymeleaf-org.springframework.boot.autoconfigure.thymeleaf.ThymeleafProperties, org.springframework.boot.autoconfigure.web.client.RestTemplateAutoConfiguration, restTemplateBuilder, org.springframework.boot.autoconfigure.web.embedded.EmbeddedWebServerFactoryCustomizerAutoConfiguration$TomcatWebServerFactoryCustomizerConfiguration, tomcatWebServerFactoryCustomizer, org.springframework.boot.autoconfigure.web.embedded.EmbeddedWebServerFactoryCustomizerAutoConfiguration, org.springframework.boot.autoconfigure.web.servlet.HttpEncodingAutoConfiguration, characterEncodingFilter, localeCharsetMappingsCustomizer, org.springframework.boot.autoconfigure.web.servlet.MultipartAutoConfiguration, multipartConfigElement, multipartResolver, spring.servlet.multipart-org.springframework.boot.autoconfigure.web.servlet.MultipartProperties, org.springframework.boot.autoconfigure.websocket.servlet.WebSocketMessagingAutoConfiguration, autoConfigurationReport, org.springframework.boot.context.ContextIdApplicationContextInitializer$ContextId, springApplicationArguments, springBootBanner, springBootLoggingSystem, environment, systemProperties, systemEnvironment, org.springframework.context.annotation.ConfigurationClassPostProcessor.importRegistry, messageSource, applicationEventMulticaster, servletContext, contextParameters, contextAttributes]
	at org.springframework.beans.factory.support.DefaultListableBeanFactory.determinePrimaryCandidate(DefaultListableBeanFactory.java:1384)
	at org.springframework.beans.factory.support.DefaultListableBeanFactory.determineAutowireCandidate(DefaultListableBeanFactory.java:1344)
	at org.springframework.beans.factory.support.DefaultListableBeanFactory.doResolveDependency(DefaultListableBeanFactory.java:1113)
	at org.springframework.beans.factory.support.DefaultListableBeanFactory.resolveDependency(DefaultListableBeanFactory.java:1065)
	at org.springframework.beans.factory.annotation.AutowiredAnnotationBeanPostProcessor$AutowiredMethodElement.inject(AutowiredAnnotationBeanPostProcessor.java:660)
	... 19 common frames omitted
Application run failed
org.springframework.beans.factory.UnsatisfiedDependencyException: Error creating bean with name 'loginInterceptor': Unsatisfied dependency expressed through method 'preHandle' parameter 2; nested exception is org.springframework.beans.factory.NoUniqueBeanDefinitionException: No qualifying bean of type 'java.lang.Object' available: more than one 'primary' bean found among candidates: [org.springframework.context.annotation.internalConfigurationAnnotationProcessor, org.springframework.context.annotation.internalAutowiredAnnotationProcessor, org.springframework.context.annotation.internalRequiredAnnotationProcessor, org.springframework.context.annotation.internalCommonAnnotationProcessor, org.springframework.context.event.internalEventListenerProcessor, org.springframework.context.event.internalEventListenerFactory, wagesApplication, org.springframework.boot.autoconfigure.internalCachingMetadataReaderFactory, httpAspect, dataSourceConfig, farmWebMvcConfigurerAdapter, myBatisConfig, myBatisMapperScannerConfig, originFilter, webSocketConfig, exceptionHandle, farmProperties, primaryDataSource, org.springframework.transaction.annotation.ProxyTransactionManagementConfiguration, org.springframework.transaction.config.internalTransactionAdvisor, transactionAttributeSource, transactionInterceptor, org.springframework.transaction.config.internalTransactionalEventListenerFactory, annotationDrivenTransactionManager, sqlSessionFactory, sqlSessionTemplate, org.springframework.aop.config.internalAutoProxyCreator, mapperScannerConfigurer, serverEndpointExporter, org.springframework.boot.autoconfigure.AutoConfigurationPackages, org.springframework.boot.autoconfigure.context.PropertyPlaceholderAutoConfiguration, org.springframework.boot.autoconfigure.condition.BeanTypeRegistry, propertySourcesPlaceholderConfigurer, org.springframework.boot.autoconfigure.jackson.JacksonAutoConfiguration$Jackson2ObjectMapperBuilderCustomizerConfiguration, standardJacksonObjectMapperBuilderCustomizer, spring.jackson-org.springframework.boot.autoconfigure.jackson.JacksonProperties, org.springframework.boot.context.properties.ConfigurationPropertiesBindingPostProcessor, org.springframework.boot.context.properties.ConfigurationBeanFactoryMetadata, org.springframework.boot.autoconfigure.jackson.JacksonAutoConfiguration$JacksonObjectMapperBuilderConfiguration, jacksonObjectMapperBuilder, org.springframework.boot.autoconfigure.jackson.JacksonAutoConfiguration$ParameterNamesModuleConfiguration, parameterNamesModule, org.springframework.boot.autoconfigure.jackson.JacksonAutoConfiguration$JacksonObjectMapperConfiguration, jacksonObjectMapper, org.springframework.boot.autoconfigure.jackson.JacksonAutoConfiguration, jsonComponentModule, org.springframework.boot.autoconfigure.websocket.servlet.WebSocketServletAutoConfiguration$TomcatWebSocketConfiguration, websocketContainerCustomizer, org.springframework.boot.autoconfigure.websocket.servlet.WebSocketServletAutoConfiguration, org.springframework.boot.autoconfigure.web.servlet.ServletWebServerFactoryConfiguration$EmbeddedTomcat, tomcatServletWebServerFactory, org.springframework.boot.autoconfigure.web.servlet.ServletWebServerFactoryAutoConfiguration, servletWebServerFactoryCustomizer, tomcatServletWebServerFactoryCustomizer, server-org.springframework.boot.autoconfigure.web.ServerProperties, webServerFactoryCustomizerBeanPostProcessor, errorPageRegistrarBeanPostProcessor, org.springframework.boot.autoconfigure.web.servlet.DispatcherServletAutoConfiguration$DispatcherServletConfiguration, dispatcherServlet, spring.mvc-org.springframework.boot.autoconfigure.web.servlet.WebMvcProperties, org.springframework.boot.autoconfigure.web.servlet.DispatcherServletAutoConfiguration$DispatcherServletRegistrationConfiguration, dispatcherServletRegistration, org.springframework.boot.autoconfigure.web.servlet.DispatcherServletAutoConfiguration, org.springframework.boot.autoconfigure.http.codec.CodecsAutoConfiguration$JacksonCodecConfiguration, jacksonCodecCustomizer, org.springframework.boot.autoconfigure.http.codec.CodecsAutoConfiguration, org.springframework.boot.autoconfigure.validation.ValidationAutoConfiguration, defaultValidator, methodValidationPostProcessor, org.springframework.boot.autoconfigure.jdbc.metadata.DataSourcePoolMetadataProvidersConfiguration, org.springframework.boot.autoconfigure.jdbc.DataSourceInitializerInvoker, org.springframework.boot.autoconfigure.jdbc.DataSourceInitializationConfiguration, dataSourceInitializerPostProcessor, org.springframework.boot.autoconfigure.jdbc.DataSourceAutoConfiguration, spring.datasource-org.springframework.boot.autoconfigure.jdbc.DataSourceProperties, org.springframework.boot.autoconfigure.jdbc.JdbcTemplateAutoConfiguration$JdbcTemplateConfiguration, jdbcTemplate, org.springframework.boot.autoconfigure.jdbc.JdbcTemplateAutoConfiguration$NamedParameterJdbcTemplateConfiguration, namedParameterJdbcTemplate, org.springframework.boot.autoconfigure.jdbc.JdbcTemplateAutoConfiguration, spring.jdbc-org.springframework.boot.autoconfigure.jdbc.JdbcProperties, org.springframework.boot.autoconfigure.data.redis.LettuceConnectionConfiguration, lettuceClientResources, redisConnectionFactory, org.springframework.boot.autoconfigure.data.redis.RedisAutoConfiguration, redisTemplate, stringRedisTemplate, spring.redis-org.springframework.boot.autoconfigure.data.redis.RedisProperties, org.springframework.boot.autoconfigure.data.redis.RedisReactiveAutoConfiguration, reactiveRedisTemplate, org.springframework.boot.autoconfigure.web.servlet.error.ErrorMvcAutoConfiguration$WhitelabelErrorViewConfiguration, error, beanNameViewResolver, org.springframework.boot.autoconfigure.web.servlet.error.ErrorMvcAutoConfiguration$DefaultErrorViewResolverConfiguration, conventionErrorViewResolver, org.springframework.boot.autoconfigure.web.servlet.error.ErrorMvcAutoConfiguration, errorAttributes, basicErrorController, errorPageCustomizer, preserveErrorControllerTargetClassPostProcessor, spring.resources-org.springframework.boot.autoconfigure.web.ResourceProperties, org.springframework.boot.autoconfigure.web.servlet.WebMvcAutoConfiguration$ResourceChainCustomizerConfiguration, resourceHandlerRegistrationCustomizer, org.springframework.boot.autoconfigure.web.servlet.WebMvcAutoConfiguration$EnableWebMvcConfiguration, requestMappingHandlerAdapter, requestMappingHandlerMapping, mvcConversionService, mvcValidator, mvcContentNegotiationManager, mvcPathMatcher, mvcUrlPathHelper, viewControllerHandlerMapping, beanNameHandlerMapping, resourceHandlerMapping, mvcResourceUrlProvider, defaultServletHandlerMapping, mvcUriComponentsContributor, httpRequestHandlerAdapter, simpleControllerHandlerAdapter, handlerExceptionResolver, mvcViewResolver, mvcHandlerMappingIntrospector, org.springframework.boot.autoconfigure.web.servlet.WebMvcAutoConfiguration$WebMvcAutoConfigurationAdapter$FaviconConfiguration, faviconHandlerMapping, faviconRequestHandler, org.springframework.boot.autoconfigure.web.servlet.WebMvcAutoConfiguration$WebMvcAutoConfigurationAdapter, defaultViewResolver, viewResolver, welcomePageHandlerMapping, requestContextFilter, org.springframework.boot.autoconfigure.web.servlet.WebMvcAutoConfiguration, hiddenHttpMethodFilter, httpPutFormContentFilter, org.springframework.boot.autoconfigure.jmx.JmxAutoConfiguration, mbeanExporter, objectNamingStrategy, mbeanServer, org.springframework.boot.autoconfigure.admin.SpringApplicationAdminJmxAutoConfiguration, springApplicationAdminRegistrar, org.springframework.boot.autoconfigure.aop.AopAutoConfiguration$CglibAutoProxyConfiguration, org.springframework.boot.autoconfigure.aop.AopAutoConfiguration, org.springframework.boot.autoconfigure.context.ConfigurationPropertiesAutoConfiguration, org.springframework.boot.autoconfigure.dao.PersistenceExceptionTranslationAutoConfiguration, persistenceExceptionTranslationPostProcessor, org.springframework.boot.autoconfigure.data.redis.RedisRepositoriesAutoConfiguration, keyValueMappingContext, redisCustomConversions, redisReferenceResolver, redisConverter, redisKeyValueAdapter, redisKeyValueTemplate, org.springframework.boot.autoconfigure.http.HttpMessageConvertersAutoConfiguration$StringHttpMessageConverterConfiguration, stringHttpMessageConverter, spring.http.encoding-org.springframework.boot.autoconfigure.http.HttpEncodingProperties, org.springframework.boot.autoconfigure.http.JacksonHttpMessageConvertersConfiguration$MappingJackson2HttpMessageConverterConfiguration, mappingJackson2HttpMessageConverter, org.springframework.boot.autoconfigure.http.JacksonHttpMessageConvertersConfiguration, org.springframework.boot.autoconfigure.http.HttpMessageConvertersAutoConfiguration, messageConverters, org.springframework.data.web.config.ProjectingArgumentResolverRegistrar, projectingArgumentResolverBeanPostProcessor, org.springframework.data.web.config.SpringDataWebConfiguration, pageableResolver, sortResolver, org.springframework.data.web.config.SpringDataJacksonConfiguration, jacksonGeoModule, org.springframework.boot.autoconfigure.data.web.SpringDataWebAutoConfiguration, pageableCustomizer, sortCustomizer, spring.data.web-org.springframework.boot.autoconfigure.data.web.SpringDataWebProperties, org.springframework.boot.autoconfigure.info.ProjectInfoAutoConfiguration, spring.info-org.springframework.boot.autoconfigure.info.ProjectInfoProperties, org.springframework.boot.autoconfigure.jdbc.DataSourceTransactionManagerAutoConfiguration$DataSourceTransactionManagerConfiguration, org.springframework.boot.autoconfigure.jdbc.DataSourceTransactionManagerAutoConfiguration, org.springframework.boot.autoconfigure.transaction.TransactionAutoConfiguration$TransactionTemplateConfiguration, transactionTemplate, org.springframework.boot.autoconfigure.transaction.TransactionAutoConfiguration, platformTransactionManagerCustomizers, spring.transaction-org.springframework.boot.autoconfigure.transaction.TransactionProperties, org.springframework.boot.autoconfigure.reactor.core.ReactorCoreAutoConfiguration, spring.reactor-org.springframework.boot.autoconfigure.reactor.core.ReactorCoreProperties, org.springframework.boot.autoconfigure.security.reactive.ReactiveSecurityAutoConfiguration, spring.security-org.springframework.boot.autoconfigure.security.SecurityProperties, org.springframework.boot.autoconfigure.thymeleaf.ThymeleafAutoConfiguration$ThymeleafJava8TimeDialect, java8TimeDialect, org.springframework.boot.autoconfigure.thymeleaf.ThymeleafAutoConfiguration$ThymeleafWebMvcConfiguration$ThymeleafViewResolverConfiguration, thymeleafViewResolver, org.springframework.boot.autoconfigure.thymeleaf.ThymeleafAutoConfiguration$ThymeleafWebMvcConfiguration, resourceUrlEncodingFilter, org.springframework.boot.autoconfigure.thymeleaf.ThymeleafAutoConfiguration$ThymeleafDefaultConfiguration, templateEngine, org.springframework.boot.autoconfigure.thymeleaf.ThymeleafAutoConfiguration$DefaultTemplateResolverConfiguration, defaultTemplateResolver, org.springframework.boot.autoconfigure.thymeleaf.ThymeleafAutoConfiguration, spring.thymeleaf-org.springframework.boot.autoconfigure.thymeleaf.ThymeleafProperties, org.springframework.boot.autoconfigure.web.client.RestTemplateAutoConfiguration, restTemplateBuilder, org.springframework.boot.autoconfigure.web.embedded.EmbeddedWebServerFactoryCustomizerAutoConfiguration$TomcatWebServerFactoryCustomizerConfiguration, tomcatWebServerFactoryCustomizer, org.springframework.boot.autoconfigure.web.embedded.EmbeddedWebServerFactoryCustomizerAutoConfiguration, org.springframework.boot.autoconfigure.web.servlet.HttpEncodingAutoConfiguration, characterEncodingFilter, localeCharsetMappingsCustomizer, org.springframework.boot.autoconfigure.web.servlet.MultipartAutoConfiguration, multipartConfigElement, multipartResolver, spring.servlet.multipart-org.springframework.boot.autoconfigure.web.servlet.MultipartProperties, org.springframework.boot.autoconfigure.websocket.servlet.WebSocketMessagingAutoConfiguration, autoConfigurationReport, org.springframework.boot.context.ContextIdApplicationContextInitializer$ContextId, springApplicationArguments, springBootBanner, springBootLoggingSystem, environment, systemProperties, systemEnvironment, org.springframework.context.annotation.ConfigurationClassPostProcessor.importRegistry, messageSource, applicationEventMulticaster, servletContext, contextParameters, contextAttributes]
	at org.springframework.beans.factory.annotation.AutowiredAnnotationBeanPostProcessor$AutowiredMethodElement.inject(AutowiredAnnotationBeanPostProcessor.java:668)
	at org.springframework.beans.factory.annotation.InjectionMetadata.inject(InjectionMetadata.java:91)
	at org.springframework.beans.factory.annotation.AutowiredAnnotationBeanPostProcessor.postProcessPropertyValues(AutowiredAnnotationBeanPostProcessor.java:373)
	at org.springframework.beans.factory.support.AbstractAutowireCapableBeanFactory.populateBean(AbstractAutowireCapableBeanFactory.java:1344)
	at org.springframework.beans.factory.support.AbstractAutowireCapableBeanFactory.doCreateBean(AbstractAutowireCapableBeanFactory.java:582)
	at org.springframework.beans.factory.support.AbstractAutowireCapableBeanFactory.createBean(AbstractAutowireCapableBeanFactory.java:502)
	at org.springframework.beans.factory.support.AbstractBeanFactory.lambda$doGetBean$0(AbstractBeanFactory.java:312)
	at org.springframework.beans.factory.support.DefaultSingletonBeanRegistry.getSingleton(DefaultSingletonBeanRegistry.java:228)
	at org.springframework.beans.factory.support.AbstractBeanFactory.doGetBean(AbstractBeanFactory.java:310)
	at org.springframework.beans.factory.support.AbstractBeanFactory.getBean(AbstractBeanFactory.java:200)
	at org.springframework.beans.factory.support.DefaultListableBeanFactory.preInstantiateSingletons(DefaultListableBeanFactory.java:760)
	at org.springframework.context.support.AbstractApplicationContext.finishBeanFactoryInitialization(AbstractApplicationContext.java:868)
	at org.springframework.context.support.AbstractApplicationContext.refresh(AbstractApplicationContext.java:549)
	at org.springframework.boot.web.servlet.context.ServletWebServerApplicationContext.refresh(ServletWebServerApplicationContext.java:140)
	at org.springframework.boot.SpringApplication.refresh(SpringApplication.java:752)
	at org.springframework.boot.SpringApplication.refreshContext(SpringApplication.java:388)
	at org.springframework.boot.SpringApplication.run(SpringApplication.java:327)
	at org.springframework.boot.SpringApplication.run(SpringApplication.java:1246)
	at org.springframework.boot.SpringApplication.run(SpringApplication.java:1234)
	at com.jiemin.wages.WagesApplication.main(WagesApplication.java:12)
Caused by: org.springframework.beans.factory.NoUniqueBeanDefinitionException: No qualifying bean of type 'java.lang.Object' available: more than one 'primary' bean found among candidates: [org.springframework.context.annotation.internalConfigurationAnnotationProcessor, org.springframework.context.annotation.internalAutowiredAnnotationProcessor, org.springframework.context.annotation.internalRequiredAnnotationProcessor, org.springframework.context.annotation.internalCommonAnnotationProcessor, org.springframework.context.event.internalEventListenerProcessor, org.springframework.context.event.internalEventListenerFactory, wagesApplication, org.springframework.boot.autoconfigure.internalCachingMetadataReaderFactory, httpAspect, dataSourceConfig, farmWebMvcConfigurerAdapter, myBatisConfig, myBatisMapperScannerConfig, originFilter, webSocketConfig, exceptionHandle, farmProperties, primaryDataSource, org.springframework.transaction.annotation.ProxyTransactionManagementConfiguration, org.springframework.transaction.config.internalTransactionAdvisor, transactionAttributeSource, transactionInterceptor, org.springframework.transaction.config.internalTransactionalEventListenerFactory, annotationDrivenTransactionManager, sqlSessionFactory, sqlSessionTemplate, org.springframework.aop.config.internalAutoProxyCreator, mapperScannerConfigurer, serverEndpointExporter, org.springframework.boot.autoconfigure.AutoConfigurationPackages, org.springframework.boot.autoconfigure.context.PropertyPlaceholderAutoConfiguration, org.springframework.boot.autoconfigure.condition.BeanTypeRegistry, propertySourcesPlaceholderConfigurer, org.springframework.boot.autoconfigure.jackson.JacksonAutoConfiguration$Jackson2ObjectMapperBuilderCustomizerConfiguration, standardJacksonObjectMapperBuilderCustomizer, spring.jackson-org.springframework.boot.autoconfigure.jackson.JacksonProperties, org.springframework.boot.context.properties.ConfigurationPropertiesBindingPostProcessor, org.springframework.boot.context.properties.ConfigurationBeanFactoryMetadata, org.springframework.boot.autoconfigure.jackson.JacksonAutoConfiguration$JacksonObjectMapperBuilderConfiguration, jacksonObjectMapperBuilder, org.springframework.boot.autoconfigure.jackson.JacksonAutoConfiguration$ParameterNamesModuleConfiguration, parameterNamesModule, org.springframework.boot.autoconfigure.jackson.JacksonAutoConfiguration$JacksonObjectMapperConfiguration, jacksonObjectMapper, org.springframework.boot.autoconfigure.jackson.JacksonAutoConfiguration, jsonComponentModule, org.springframework.boot.autoconfigure.websocket.servlet.WebSocketServletAutoConfiguration$TomcatWebSocketConfiguration, websocketContainerCustomizer, org.springframework.boot.autoconfigure.websocket.servlet.WebSocketServletAutoConfiguration, org.springframework.boot.autoconfigure.web.servlet.ServletWebServerFactoryConfiguration$EmbeddedTomcat, tomcatServletWebServerFactory, org.springframework.boot.autoconfigure.web.servlet.ServletWebServerFactoryAutoConfiguration, servletWebServerFactoryCustomizer, tomcatServletWebServerFactoryCustomizer, server-org.springframework.boot.autoconfigure.web.ServerProperties, webServerFactoryCustomizerBeanPostProcessor, errorPageRegistrarBeanPostProcessor, org.springframework.boot.autoconfigure.web.servlet.DispatcherServletAutoConfiguration$DispatcherServletConfiguration, dispatcherServlet, spring.mvc-org.springframework.boot.autoconfigure.web.servlet.WebMvcProperties, org.springframework.boot.autoconfigure.web.servlet.DispatcherServletAutoConfiguration$DispatcherServletRegistrationConfiguration, dispatcherServletRegistration, org.springframework.boot.autoconfigure.web.servlet.DispatcherServletAutoConfiguration, org.springframework.boot.autoconfigure.http.codec.CodecsAutoConfiguration$JacksonCodecConfiguration, jacksonCodecCustomizer, org.springframework.boot.autoconfigure.http.codec.CodecsAutoConfiguration, org.springframework.boot.autoconfigure.validation.ValidationAutoConfiguration, defaultValidator, methodValidationPostProcessor, org.springframework.boot.autoconfigure.jdbc.metadata.DataSourcePoolMetadataProvidersConfiguration, org.springframework.boot.autoconfigure.jdbc.DataSourceInitializerInvoker, org.springframework.boot.autoconfigure.jdbc.DataSourceInitializationConfiguration, dataSourceInitializerPostProcessor, org.springframework.boot.autoconfigure.jdbc.DataSourceAutoConfiguration, spring.datasource-org.springframework.boot.autoconfigure.jdbc.DataSourceProperties, org.springframework.boot.autoconfigure.jdbc.JdbcTemplateAutoConfiguration$JdbcTemplateConfiguration, jdbcTemplate, org.springframework.boot.autoconfigure.jdbc.JdbcTemplateAutoConfiguration$NamedParameterJdbcTemplateConfiguration, namedParameterJdbcTemplate, org.springframework.boot.autoconfigure.jdbc.JdbcTemplateAutoConfiguration, spring.jdbc-org.springframework.boot.autoconfigure.jdbc.JdbcProperties, org.springframework.boot.autoconfigure.data.redis.LettuceConnectionConfiguration, lettuceClientResources, redisConnectionFactory, org.springframework.boot.autoconfigure.data.redis.RedisAutoConfiguration, redisTemplate, stringRedisTemplate, spring.redis-org.springframework.boot.autoconfigure.data.redis.RedisProperties, org.springframework.boot.autoconfigure.data.redis.RedisReactiveAutoConfiguration, reactiveRedisTemplate, org.springframework.boot.autoconfigure.web.servlet.error.ErrorMvcAutoConfiguration$WhitelabelErrorViewConfiguration, error, beanNameViewResolver, org.springframework.boot.autoconfigure.web.servlet.error.ErrorMvcAutoConfiguration$DefaultErrorViewResolverConfiguration, conventionErrorViewResolver, org.springframework.boot.autoconfigure.web.servlet.error.ErrorMvcAutoConfiguration, errorAttributes, basicErrorController, errorPageCustomizer, preserveErrorControllerTargetClassPostProcessor, spring.resources-org.springframework.boot.autoconfigure.web.ResourceProperties, org.springframework.boot.autoconfigure.web.servlet.WebMvcAutoConfiguration$ResourceChainCustomizerConfiguration, resourceHandlerRegistrationCustomizer, org.springframework.boot.autoconfigure.web.servlet.WebMvcAutoConfiguration$EnableWebMvcConfiguration, requestMappingHandlerAdapter, requestMappingHandlerMapping, mvcConversionService, mvcValidator, mvcContentNegotiationManager, mvcPathMatcher, mvcUrlPathHelper, viewControllerHandlerMapping, beanNameHandlerMapping, resourceHandlerMapping, mvcResourceUrlProvider, defaultServletHandlerMapping, mvcUriComponentsContributor, httpRequestHandlerAdapter, simpleControllerHandlerAdapter, handlerExceptionResolver, mvcViewResolver, mvcHandlerMappingIntrospector, org.springframework.boot.autoconfigure.web.servlet.WebMvcAutoConfiguration$WebMvcAutoConfigurationAdapter$FaviconConfiguration, faviconHandlerMapping, faviconRequestHandler, org.springframework.boot.autoconfigure.web.servlet.WebMvcAutoConfiguration$WebMvcAutoConfigurationAdapter, defaultViewResolver, viewResolver, welcomePageHandlerMapping, requestContextFilter, org.springframework.boot.autoconfigure.web.servlet.WebMvcAutoConfiguration, hiddenHttpMethodFilter, httpPutFormContentFilter, org.springframework.boot.autoconfigure.jmx.JmxAutoConfiguration, mbeanExporter, objectNamingStrategy, mbeanServer, org.springframework.boot.autoconfigure.admin.SpringApplicationAdminJmxAutoConfiguration, springApplicationAdminRegistrar, org.springframework.boot.autoconfigure.aop.AopAutoConfiguration$CglibAutoProxyConfiguration, org.springframework.boot.autoconfigure.aop.AopAutoConfiguration, org.springframework.boot.autoconfigure.context.ConfigurationPropertiesAutoConfiguration, org.springframework.boot.autoconfigure.dao.PersistenceExceptionTranslationAutoConfiguration, persistenceExceptionTranslationPostProcessor, org.springframework.boot.autoconfigure.data.redis.RedisRepositoriesAutoConfiguration, keyValueMappingContext, redisCustomConversions, redisReferenceResolver, redisConverter, redisKeyValueAdapter, redisKeyValueTemplate, org.springframework.boot.autoconfigure.http.HttpMessageConvertersAutoConfiguration$StringHttpMessageConverterConfiguration, stringHttpMessageConverter, spring.http.encoding-org.springframework.boot.autoconfigure.http.HttpEncodingProperties, org.springframework.boot.autoconfigure.http.JacksonHttpMessageConvertersConfiguration$MappingJackson2HttpMessageConverterConfiguration, mappingJackson2HttpMessageConverter, org.springframework.boot.autoconfigure.http.JacksonHttpMessageConvertersConfiguration, org.springframework.boot.autoconfigure.http.HttpMessageConvertersAutoConfiguration, messageConverters, org.springframework.data.web.config.ProjectingArgumentResolverRegistrar, projectingArgumentResolverBeanPostProcessor, org.springframework.data.web.config.SpringDataWebConfiguration, pageableResolver, sortResolver, org.springframework.data.web.config.SpringDataJacksonConfiguration, jacksonGeoModule, org.springframework.boot.autoconfigure.data.web.SpringDataWebAutoConfiguration, pageableCustomizer, sortCustomizer, spring.data.web-org.springframework.boot.autoconfigure.data.web.SpringDataWebProperties, org.springframework.boot.autoconfigure.info.ProjectInfoAutoConfiguration, spring.info-org.springframework.boot.autoconfigure.info.ProjectInfoProperties, org.springframework.boot.autoconfigure.jdbc.DataSourceTransactionManagerAutoConfiguration$DataSourceTransactionManagerConfiguration, org.springframework.boot.autoconfigure.jdbc.DataSourceTransactionManagerAutoConfiguration, org.springframework.boot.autoconfigure.transaction.TransactionAutoConfiguration$TransactionTemplateConfiguration, transactionTemplate, org.springframework.boot.autoconfigure.transaction.TransactionAutoConfiguration, platformTransactionManagerCustomizers, spring.transaction-org.springframework.boot.autoconfigure.transaction.TransactionProperties, org.springframework.boot.autoconfigure.reactor.core.ReactorCoreAutoConfiguration, spring.reactor-org.springframework.boot.autoconfigure.reactor.core.ReactorCoreProperties, org.springframework.boot.autoconfigure.security.reactive.ReactiveSecurityAutoConfiguration, spring.security-org.springframework.boot.autoconfigure.security.SecurityProperties, org.springframework.boot.autoconfigure.thymeleaf.ThymeleafAutoConfiguration$ThymeleafJava8TimeDialect, java8TimeDialect, org.springframework.boot.autoconfigure.thymeleaf.ThymeleafAutoConfiguration$ThymeleafWebMvcConfiguration$ThymeleafViewResolverConfiguration, thymeleafViewResolver, org.springframework.boot.autoconfigure.thymeleaf.ThymeleafAutoConfiguration$ThymeleafWebMvcConfiguration, resourceUrlEncodingFilter, org.springframework.boot.autoconfigure.thymeleaf.ThymeleafAutoConfiguration$ThymeleafDefaultConfiguration, templateEngine, org.springframework.boot.autoconfigure.thymeleaf.ThymeleafAutoConfiguration$DefaultTemplateResolverConfiguration, defaultTemplateResolver, org.springframework.boot.autoconfigure.thymeleaf.ThymeleafAutoConfiguration, spring.thymeleaf-org.springframework.boot.autoconfigure.thymeleaf.ThymeleafProperties, org.springframework.boot.autoconfigure.web.client.RestTemplateAutoConfiguration, restTemplateBuilder, org.springframework.boot.autoconfigure.web.embedded.EmbeddedWebServerFactoryCustomizerAutoConfiguration$TomcatWebServerFactoryCustomizerConfiguration, tomcatWebServerFactoryCustomizer, org.springframework.boot.autoconfigure.web.embedded.EmbeddedWebServerFactoryCustomizerAutoConfiguration, org.springframework.boot.autoconfigure.web.servlet.HttpEncodingAutoConfiguration, characterEncodingFilter, localeCharsetMappingsCustomizer, org.springframework.boot.autoconfigure.web.servlet.MultipartAutoConfiguration, multipartConfigElement, multipartResolver, spring.servlet.multipart-org.springframework.boot.autoconfigure.web.servlet.MultipartProperties, org.springframework.boot.autoconfigure.websocket.servlet.WebSocketMessagingAutoConfiguration, autoConfigurationReport, org.springframework.boot.context.ContextIdApplicationContextInitializer$ContextId, springApplicationArguments, springBootBanner, springBootLoggingSystem, environment, systemProperties, systemEnvironment, org.springframework.context.annotation.ConfigurationClassPostProcessor.importRegistry, messageSource, applicationEventMulticaster, servletContext, contextParameters, contextAttributes]
	at org.springframework.beans.factory.support.DefaultListableBeanFactory.determinePrimaryCandidate(DefaultListableBeanFactory.java:1384)
	at org.springframework.beans.factory.support.DefaultListableBeanFactory.determineAutowireCandidate(DefaultListableBeanFactory.java:1344)
	at org.springframework.beans.factory.support.DefaultListableBeanFactory.doResolveDependency(DefaultListableBeanFactory.java:1113)
	at org.springframework.beans.factory.support.DefaultListableBeanFactory.resolveDependency(DefaultListableBeanFactory.java:1065)
	at org.springframework.beans.factory.annotation.AutowiredAnnotationBeanPostProcessor$AutowiredMethodElement.inject(AutowiredAnnotationBeanPostProcessor.java:660)
	... 19 common frames omitted
Application run failed
org.springframework.beans.factory.UnsatisfiedDependencyException: Error creating bean with name 'loginInterceptor': Unsatisfied dependency expressed through method 'preHandle' parameter 2; nested exception is org.springframework.beans.factory.NoUniqueBeanDefinitionException: No qualifying bean of type 'java.lang.Object' available: more than one 'primary' bean found among candidates: [org.springframework.context.annotation.internalConfigurationAnnotationProcessor, org.springframework.context.annotation.internalAutowiredAnnotationProcessor, org.springframework.context.annotation.internalRequiredAnnotationProcessor, org.springframework.context.annotation.internalCommonAnnotationProcessor, org.springframework.context.event.internalEventListenerProcessor, org.springframework.context.event.internalEventListenerFactory, wagesApplication, org.springframework.boot.autoconfigure.internalCachingMetadataReaderFactory, httpAspect, dataSourceConfig, farmWebMvcConfigurerAdapter, myBatisConfig, myBatisMapperScannerConfig, originFilter, webSocketConfig, exceptionHandle, farmProperties, primaryDataSource, org.springframework.transaction.annotation.ProxyTransactionManagementConfiguration, org.springframework.transaction.config.internalTransactionAdvisor, transactionAttributeSource, transactionInterceptor, org.springframework.transaction.config.internalTransactionalEventListenerFactory, annotationDrivenTransactionManager, sqlSessionFactory, sqlSessionTemplate, org.springframework.aop.config.internalAutoProxyCreator, mapperScannerConfigurer, serverEndpointExporter, org.springframework.boot.autoconfigure.AutoConfigurationPackages, org.springframework.boot.autoconfigure.context.PropertyPlaceholderAutoConfiguration, org.springframework.boot.autoconfigure.condition.BeanTypeRegistry, propertySourcesPlaceholderConfigurer, org.springframework.boot.autoconfigure.jackson.JacksonAutoConfiguration$Jackson2ObjectMapperBuilderCustomizerConfiguration, standardJacksonObjectMapperBuilderCustomizer, spring.jackson-org.springframework.boot.autoconfigure.jackson.JacksonProperties, org.springframework.boot.context.properties.ConfigurationPropertiesBindingPostProcessor, org.springframework.boot.context.properties.ConfigurationBeanFactoryMetadata, org.springframework.boot.autoconfigure.jackson.JacksonAutoConfiguration$JacksonObjectMapperBuilderConfiguration, jacksonObjectMapperBuilder, org.springframework.boot.autoconfigure.jackson.JacksonAutoConfiguration$ParameterNamesModuleConfiguration, parameterNamesModule, org.springframework.boot.autoconfigure.jackson.JacksonAutoConfiguration$JacksonObjectMapperConfiguration, jacksonObjectMapper, org.springframework.boot.autoconfigure.jackson.JacksonAutoConfiguration, jsonComponentModule, org.springframework.boot.autoconfigure.websocket.servlet.WebSocketServletAutoConfiguration$TomcatWebSocketConfiguration, websocketContainerCustomizer, org.springframework.boot.autoconfigure.websocket.servlet.WebSocketServletAutoConfiguration, org.springframework.boot.autoconfigure.web.servlet.ServletWebServerFactoryConfiguration$EmbeddedTomcat, tomcatServletWebServerFactory, org.springframework.boot.autoconfigure.web.servlet.ServletWebServerFactoryAutoConfiguration, servletWebServerFactoryCustomizer, tomcatServletWebServerFactoryCustomizer, server-org.springframework.boot.autoconfigure.web.ServerProperties, webServerFactoryCustomizerBeanPostProcessor, errorPageRegistrarBeanPostProcessor, org.springframework.boot.autoconfigure.web.servlet.DispatcherServletAutoConfiguration$DispatcherServletConfiguration, dispatcherServlet, spring.mvc-org.springframework.boot.autoconfigure.web.servlet.WebMvcProperties, org.springframework.boot.autoconfigure.web.servlet.DispatcherServletAutoConfiguration$DispatcherServletRegistrationConfiguration, dispatcherServletRegistration, org.springframework.boot.autoconfigure.web.servlet.DispatcherServletAutoConfiguration, org.springframework.boot.autoconfigure.http.codec.CodecsAutoConfiguration$JacksonCodecConfiguration, jacksonCodecCustomizer, org.springframework.boot.autoconfigure.http.codec.CodecsAutoConfiguration, org.springframework.boot.autoconfigure.validation.ValidationAutoConfiguration, defaultValidator, methodValidationPostProcessor, org.springframework.boot.autoconfigure.jdbc.metadata.DataSourcePoolMetadataProvidersConfiguration, org.springframework.boot.autoconfigure.jdbc.DataSourceInitializerInvoker, org.springframework.boot.autoconfigure.jdbc.DataSourceInitializationConfiguration, dataSourceInitializerPostProcessor, org.springframework.boot.autoconfigure.jdbc.DataSourceAutoConfiguration, spring.datasource-org.springframework.boot.autoconfigure.jdbc.DataSourceProperties, org.springframework.boot.autoconfigure.jdbc.JdbcTemplateAutoConfiguration$JdbcTemplateConfiguration, jdbcTemplate, org.springframework.boot.autoconfigure.jdbc.JdbcTemplateAutoConfiguration$NamedParameterJdbcTemplateConfiguration, namedParameterJdbcTemplate, org.springframework.boot.autoconfigure.jdbc.JdbcTemplateAutoConfiguration, spring.jdbc-org.springframework.boot.autoconfigure.jdbc.JdbcProperties, org.springframework.boot.autoconfigure.data.redis.LettuceConnectionConfiguration, lettuceClientResources, redisConnectionFactory, org.springframework.boot.autoconfigure.data.redis.RedisAutoConfiguration, redisTemplate, stringRedisTemplate, spring.redis-org.springframework.boot.autoconfigure.data.redis.RedisProperties, org.springframework.boot.autoconfigure.data.redis.RedisReactiveAutoConfiguration, reactiveRedisTemplate, org.springframework.boot.autoconfigure.web.servlet.error.ErrorMvcAutoConfiguration$WhitelabelErrorViewConfiguration, error, beanNameViewResolver, org.springframework.boot.autoconfigure.web.servlet.error.ErrorMvcAutoConfiguration$DefaultErrorViewResolverConfiguration, conventionErrorViewResolver, org.springframework.boot.autoconfigure.web.servlet.error.ErrorMvcAutoConfiguration, errorAttributes, basicErrorController, errorPageCustomizer, preserveErrorControllerTargetClassPostProcessor, spring.resources-org.springframework.boot.autoconfigure.web.ResourceProperties, org.springframework.boot.autoconfigure.web.servlet.WebMvcAutoConfiguration$ResourceChainCustomizerConfiguration, resourceHandlerRegistrationCustomizer, org.springframework.boot.autoconfigure.web.servlet.WebMvcAutoConfiguration$EnableWebMvcConfiguration, requestMappingHandlerAdapter, requestMappingHandlerMapping, mvcConversionService, mvcValidator, mvcContentNegotiationManager, mvcPathMatcher, mvcUrlPathHelper, viewControllerHandlerMapping, beanNameHandlerMapping, resourceHandlerMapping, mvcResourceUrlProvider, defaultServletHandlerMapping, mvcUriComponentsContributor, httpRequestHandlerAdapter, simpleControllerHandlerAdapter, handlerExceptionResolver, mvcViewResolver, mvcHandlerMappingIntrospector, org.springframework.boot.autoconfigure.web.servlet.WebMvcAutoConfiguration$WebMvcAutoConfigurationAdapter$FaviconConfiguration, faviconHandlerMapping, faviconRequestHandler, org.springframework.boot.autoconfigure.web.servlet.WebMvcAutoConfiguration$WebMvcAutoConfigurationAdapter, defaultViewResolver, viewResolver, welcomePageHandlerMapping, requestContextFilter, org.springframework.boot.autoconfigure.web.servlet.WebMvcAutoConfiguration, hiddenHttpMethodFilter, httpPutFormContentFilter, org.springframework.boot.autoconfigure.jmx.JmxAutoConfiguration, mbeanExporter, objectNamingStrategy, mbeanServer, org.springframework.boot.autoconfigure.admin.SpringApplicationAdminJmxAutoConfiguration, springApplicationAdminRegistrar, org.springframework.boot.autoconfigure.aop.AopAutoConfiguration$CglibAutoProxyConfiguration, org.springframework.boot.autoconfigure.aop.AopAutoConfiguration, org.springframework.boot.autoconfigure.context.ConfigurationPropertiesAutoConfiguration, org.springframework.boot.autoconfigure.dao.PersistenceExceptionTranslationAutoConfiguration, persistenceExceptionTranslationPostProcessor, org.springframework.boot.autoconfigure.data.redis.RedisRepositoriesAutoConfiguration, keyValueMappingContext, redisCustomConversions, redisReferenceResolver, redisConverter, redisKeyValueAdapter, redisKeyValueTemplate, org.springframework.boot.autoconfigure.http.HttpMessageConvertersAutoConfiguration$StringHttpMessageConverterConfiguration, stringHttpMessageConverter, spring.http.encoding-org.springframework.boot.autoconfigure.http.HttpEncodingProperties, org.springframework.boot.autoconfigure.http.JacksonHttpMessageConvertersConfiguration$MappingJackson2HttpMessageConverterConfiguration, mappingJackson2HttpMessageConverter, org.springframework.boot.autoconfigure.http.JacksonHttpMessageConvertersConfiguration, org.springframework.boot.autoconfigure.http.HttpMessageConvertersAutoConfiguration, messageConverters, org.springframework.data.web.config.ProjectingArgumentResolverRegistrar, projectingArgumentResolverBeanPostProcessor, org.springframework.data.web.config.SpringDataWebConfiguration, pageableResolver, sortResolver, org.springframework.data.web.config.SpringDataJacksonConfiguration, jacksonGeoModule, org.springframework.boot.autoconfigure.data.web.SpringDataWebAutoConfiguration, pageableCustomizer, sortCustomizer, spring.data.web-org.springframework.boot.autoconfigure.data.web.SpringDataWebProperties, org.springframework.boot.autoconfigure.info.ProjectInfoAutoConfiguration, spring.info-org.springframework.boot.autoconfigure.info.ProjectInfoProperties, org.springframework.boot.autoconfigure.jdbc.DataSourceTransactionManagerAutoConfiguration$DataSourceTransactionManagerConfiguration, org.springframework.boot.autoconfigure.jdbc.DataSourceTransactionManagerAutoConfiguration, org.springframework.boot.autoconfigure.transaction.TransactionAutoConfiguration$TransactionTemplateConfiguration, transactionTemplate, org.springframework.boot.autoconfigure.transaction.TransactionAutoConfiguration, platformTransactionManagerCustomizers, spring.transaction-org.springframework.boot.autoconfigure.transaction.TransactionProperties, org.springframework.boot.autoconfigure.reactor.core.ReactorCoreAutoConfiguration, spring.reactor-org.springframework.boot.autoconfigure.reactor.core.ReactorCoreProperties, org.springframework.boot.autoconfigure.security.reactive.ReactiveSecurityAutoConfiguration, spring.security-org.springframework.boot.autoconfigure.security.SecurityProperties, org.springframework.boot.autoconfigure.thymeleaf.ThymeleafAutoConfiguration$ThymeleafJava8TimeDialect, java8TimeDialect, org.springframework.boot.autoconfigure.thymeleaf.ThymeleafAutoConfiguration$ThymeleafWebMvcConfiguration$ThymeleafViewResolverConfiguration, thymeleafViewResolver, org.springframework.boot.autoconfigure.thymeleaf.ThymeleafAutoConfiguration$ThymeleafWebMvcConfiguration, resourceUrlEncodingFilter, org.springframework.boot.autoconfigure.thymeleaf.ThymeleafAutoConfiguration$ThymeleafDefaultConfiguration, templateEngine, org.springframework.boot.autoconfigure.thymeleaf.ThymeleafAutoConfiguration$DefaultTemplateResolverConfiguration, defaultTemplateResolver, org.springframework.boot.autoconfigure.thymeleaf.ThymeleafAutoConfiguration, spring.thymeleaf-org.springframework.boot.autoconfigure.thymeleaf.ThymeleafProperties, org.springframework.boot.autoconfigure.web.client.RestTemplateAutoConfiguration, restTemplateBuilder, org.springframework.boot.autoconfigure.web.embedded.EmbeddedWebServerFactoryCustomizerAutoConfiguration$TomcatWebServerFactoryCustomizerConfiguration, tomcatWebServerFactoryCustomizer, org.springframework.boot.autoconfigure.web.embedded.EmbeddedWebServerFactoryCustomizerAutoConfiguration, org.springframework.boot.autoconfigure.web.servlet.HttpEncodingAutoConfiguration, characterEncodingFilter, localeCharsetMappingsCustomizer, org.springframework.boot.autoconfigure.web.servlet.MultipartAutoConfiguration, multipartConfigElement, multipartResolver, spring.servlet.multipart-org.springframework.boot.autoconfigure.web.servlet.MultipartProperties, org.springframework.boot.autoconfigure.websocket.servlet.WebSocketMessagingAutoConfiguration, autoConfigurationReport, org.springframework.boot.context.ContextIdApplicationContextInitializer$ContextId, springApplicationArguments, springBootBanner, springBootLoggingSystem, environment, systemProperties, systemEnvironment, org.springframework.context.annotation.ConfigurationClassPostProcessor.importRegistry, messageSource, applicationEventMulticaster, servletContext, contextParameters, contextAttributes]
	at org.springframework.beans.factory.annotation.AutowiredAnnotationBeanPostProcessor$AutowiredMethodElement.inject(AutowiredAnnotationBeanPostProcessor.java:668)
	at org.springframework.beans.factory.annotation.InjectionMetadata.inject(InjectionMetadata.java:91)
	at org.springframework.beans.factory.annotation.AutowiredAnnotationBeanPostProcessor.postProcessPropertyValues(AutowiredAnnotationBeanPostProcessor.java:373)
	at org.springframework.beans.factory.support.AbstractAutowireCapableBeanFactory.populateBean(AbstractAutowireCapableBeanFactory.java:1344)
	at org.springframework.beans.factory.support.AbstractAutowireCapableBeanFactory.doCreateBean(AbstractAutowireCapableBeanFactory.java:582)
	at org.springframework.beans.factory.support.AbstractAutowireCapableBeanFactory.createBean(AbstractAutowireCapableBeanFactory.java:502)
	at org.springframework.beans.factory.support.AbstractBeanFactory.lambda$doGetBean$0(AbstractBeanFactory.java:312)
	at org.springframework.beans.factory.support.DefaultSingletonBeanRegistry.getSingleton(DefaultSingletonBeanRegistry.java:228)
	at org.springframework.beans.factory.support.AbstractBeanFactory.doGetBean(AbstractBeanFactory.java:310)
	at org.springframework.beans.factory.support.AbstractBeanFactory.getBean(AbstractBeanFactory.java:200)
	at org.springframework.beans.factory.support.DefaultListableBeanFactory.preInstantiateSingletons(DefaultListableBeanFactory.java:760)
	at org.springframework.context.support.AbstractApplicationContext.finishBeanFactoryInitialization(AbstractApplicationContext.java:868)
	at org.springframework.context.support.AbstractApplicationContext.refresh(AbstractApplicationContext.java:549)
	at org.springframework.boot.web.servlet.context.ServletWebServerApplicationContext.refresh(ServletWebServerApplicationContext.java:140)
	at org.springframework.boot.SpringApplication.refresh(SpringApplication.java:752)
	at org.springframework.boot.SpringApplication.refreshContext(SpringApplication.java:388)
	at org.springframework.boot.SpringApplication.run(SpringApplication.java:327)
	at org.springframework.boot.SpringApplication.run(SpringApplication.java:1246)
	at org.springframework.boot.SpringApplication.run(SpringApplication.java:1234)
	at com.jiemin.wages.WagesApplication.main(WagesApplication.java:12)
Caused by: org.springframework.beans.factory.NoUniqueBeanDefinitionException: No qualifying bean of type 'java.lang.Object' available: more than one 'primary' bean found among candidates: [org.springframework.context.annotation.internalConfigurationAnnotationProcessor, org.springframework.context.annotation.internalAutowiredAnnotationProcessor, org.springframework.context.annotation.internalRequiredAnnotationProcessor, org.springframework.context.annotation.internalCommonAnnotationProcessor, org.springframework.context.event.internalEventListenerProcessor, org.springframework.context.event.internalEventListenerFactory, wagesApplication, org.springframework.boot.autoconfigure.internalCachingMetadataReaderFactory, httpAspect, dataSourceConfig, farmWebMvcConfigurerAdapter, myBatisConfig, myBatisMapperScannerConfig, originFilter, webSocketConfig, exceptionHandle, farmProperties, primaryDataSource, org.springframework.transaction.annotation.ProxyTransactionManagementConfiguration, org.springframework.transaction.config.internalTransactionAdvisor, transactionAttributeSource, transactionInterceptor, org.springframework.transaction.config.internalTransactionalEventListenerFactory, annotationDrivenTransactionManager, sqlSessionFactory, sqlSessionTemplate, org.springframework.aop.config.internalAutoProxyCreator, mapperScannerConfigurer, serverEndpointExporter, org.springframework.boot.autoconfigure.AutoConfigurationPackages, org.springframework.boot.autoconfigure.context.PropertyPlaceholderAutoConfiguration, org.springframework.boot.autoconfigure.condition.BeanTypeRegistry, propertySourcesPlaceholderConfigurer, org.springframework.boot.autoconfigure.jackson.JacksonAutoConfiguration$Jackson2ObjectMapperBuilderCustomizerConfiguration, standardJacksonObjectMapperBuilderCustomizer, spring.jackson-org.springframework.boot.autoconfigure.jackson.JacksonProperties, org.springframework.boot.context.properties.ConfigurationPropertiesBindingPostProcessor, org.springframework.boot.context.properties.ConfigurationBeanFactoryMetadata, org.springframework.boot.autoconfigure.jackson.JacksonAutoConfiguration$JacksonObjectMapperBuilderConfiguration, jacksonObjectMapperBuilder, org.springframework.boot.autoconfigure.jackson.JacksonAutoConfiguration$ParameterNamesModuleConfiguration, parameterNamesModule, org.springframework.boot.autoconfigure.jackson.JacksonAutoConfiguration$JacksonObjectMapperConfiguration, jacksonObjectMapper, org.springframework.boot.autoconfigure.jackson.JacksonAutoConfiguration, jsonComponentModule, org.springframework.boot.autoconfigure.websocket.servlet.WebSocketServletAutoConfiguration$TomcatWebSocketConfiguration, websocketContainerCustomizer, org.springframework.boot.autoconfigure.websocket.servlet.WebSocketServletAutoConfiguration, org.springframework.boot.autoconfigure.web.servlet.ServletWebServerFactoryConfiguration$EmbeddedTomcat, tomcatServletWebServerFactory, org.springframework.boot.autoconfigure.web.servlet.ServletWebServerFactoryAutoConfiguration, servletWebServerFactoryCustomizer, tomcatServletWebServerFactoryCustomizer, server-org.springframework.boot.autoconfigure.web.ServerProperties, webServerFactoryCustomizerBeanPostProcessor, errorPageRegistrarBeanPostProcessor, org.springframework.boot.autoconfigure.web.servlet.DispatcherServletAutoConfiguration$DispatcherServletConfiguration, dispatcherServlet, spring.mvc-org.springframework.boot.autoconfigure.web.servlet.WebMvcProperties, org.springframework.boot.autoconfigure.web.servlet.DispatcherServletAutoConfiguration$DispatcherServletRegistrationConfiguration, dispatcherServletRegistration, org.springframework.boot.autoconfigure.web.servlet.DispatcherServletAutoConfiguration, org.springframework.boot.autoconfigure.http.codec.CodecsAutoConfiguration$JacksonCodecConfiguration, jacksonCodecCustomizer, org.springframework.boot.autoconfigure.http.codec.CodecsAutoConfiguration, org.springframework.boot.autoconfigure.validation.ValidationAutoConfiguration, defaultValidator, methodValidationPostProcessor, org.springframework.boot.autoconfigure.jdbc.metadata.DataSourcePoolMetadataProvidersConfiguration, org.springframework.boot.autoconfigure.jdbc.DataSourceInitializerInvoker, org.springframework.boot.autoconfigure.jdbc.DataSourceInitializationConfiguration, dataSourceInitializerPostProcessor, org.springframework.boot.autoconfigure.jdbc.DataSourceAutoConfiguration, spring.datasource-org.springframework.boot.autoconfigure.jdbc.DataSourceProperties, org.springframework.boot.autoconfigure.jdbc.JdbcTemplateAutoConfiguration$JdbcTemplateConfiguration, jdbcTemplate, org.springframework.boot.autoconfigure.jdbc.JdbcTemplateAutoConfiguration$NamedParameterJdbcTemplateConfiguration, namedParameterJdbcTemplate, org.springframework.boot.autoconfigure.jdbc.JdbcTemplateAutoConfiguration, spring.jdbc-org.springframework.boot.autoconfigure.jdbc.JdbcProperties, org.springframework.boot.autoconfigure.data.redis.LettuceConnectionConfiguration, lettuceClientResources, redisConnectionFactory, org.springframework.boot.autoconfigure.data.redis.RedisAutoConfiguration, redisTemplate, stringRedisTemplate, spring.redis-org.springframework.boot.autoconfigure.data.redis.RedisProperties, org.springframework.boot.autoconfigure.data.redis.RedisReactiveAutoConfiguration, reactiveRedisTemplate, org.springframework.boot.autoconfigure.web.servlet.error.ErrorMvcAutoConfiguration$WhitelabelErrorViewConfiguration, error, beanNameViewResolver, org.springframework.boot.autoconfigure.web.servlet.error.ErrorMvcAutoConfiguration$DefaultErrorViewResolverConfiguration, conventionErrorViewResolver, org.springframework.boot.autoconfigure.web.servlet.error.ErrorMvcAutoConfiguration, errorAttributes, basicErrorController, errorPageCustomizer, preserveErrorControllerTargetClassPostProcessor, spring.resources-org.springframework.boot.autoconfigure.web.ResourceProperties, org.springframework.boot.autoconfigure.web.servlet.WebMvcAutoConfiguration$ResourceChainCustomizerConfiguration, resourceHandlerRegistrationCustomizer, org.springframework.boot.autoconfigure.web.servlet.WebMvcAutoConfiguration$EnableWebMvcConfiguration, requestMappingHandlerAdapter, requestMappingHandlerMapping, mvcConversionService, mvcValidator, mvcContentNegotiationManager, mvcPathMatcher, mvcUrlPathHelper, viewControllerHandlerMapping, beanNameHandlerMapping, resourceHandlerMapping, mvcResourceUrlProvider, defaultServletHandlerMapping, mvcUriComponentsContributor, httpRequestHandlerAdapter, simpleControllerHandlerAdapter, handlerExceptionResolver, mvcViewResolver, mvcHandlerMappingIntrospector, org.springframework.boot.autoconfigure.web.servlet.WebMvcAutoConfiguration$WebMvcAutoConfigurationAdapter$FaviconConfiguration, faviconHandlerMapping, faviconRequestHandler, org.springframework.boot.autoconfigure.web.servlet.WebMvcAutoConfiguration$WebMvcAutoConfigurationAdapter, defaultViewResolver, viewResolver, welcomePageHandlerMapping, requestContextFilter, org.springframework.boot.autoconfigure.web.servlet.WebMvcAutoConfiguration, hiddenHttpMethodFilter, httpPutFormContentFilter, org.springframework.boot.autoconfigure.jmx.JmxAutoConfiguration, mbeanExporter, objectNamingStrategy, mbeanServer, org.springframework.boot.autoconfigure.admin.SpringApplicationAdminJmxAutoConfiguration, springApplicationAdminRegistrar, org.springframework.boot.autoconfigure.aop.AopAutoConfiguration$CglibAutoProxyConfiguration, org.springframework.boot.autoconfigure.aop.AopAutoConfiguration, org.springframework.boot.autoconfigure.context.ConfigurationPropertiesAutoConfiguration, org.springframework.boot.autoconfigure.dao.PersistenceExceptionTranslationAutoConfiguration, persistenceExceptionTranslationPostProcessor, org.springframework.boot.autoconfigure.data.redis.RedisRepositoriesAutoConfiguration, keyValueMappingContext, redisCustomConversions, redisReferenceResolver, redisConverter, redisKeyValueAdapter, redisKeyValueTemplate, org.springframework.boot.autoconfigure.http.HttpMessageConvertersAutoConfiguration$StringHttpMessageConverterConfiguration, stringHttpMessageConverter, spring.http.encoding-org.springframework.boot.autoconfigure.http.HttpEncodingProperties, org.springframework.boot.autoconfigure.http.JacksonHttpMessageConvertersConfiguration$MappingJackson2HttpMessageConverterConfiguration, mappingJackson2HttpMessageConverter, org.springframework.boot.autoconfigure.http.JacksonHttpMessageConvertersConfiguration, org.springframework.boot.autoconfigure.http.HttpMessageConvertersAutoConfiguration, messageConverters, org.springframework.data.web.config.ProjectingArgumentResolverRegistrar, projectingArgumentResolverBeanPostProcessor, org.springframework.data.web.config.SpringDataWebConfiguration, pageableResolver, sortResolver, org.springframework.data.web.config.SpringDataJacksonConfiguration, jacksonGeoModule, org.springframework.boot.autoconfigure.data.web.SpringDataWebAutoConfiguration, pageableCustomizer, sortCustomizer, spring.data.web-org.springframework.boot.autoconfigure.data.web.SpringDataWebProperties, org.springframework.boot.autoconfigure.info.ProjectInfoAutoConfiguration, spring.info-org.springframework.boot.autoconfigure.info.ProjectInfoProperties, org.springframework.boot.autoconfigure.jdbc.DataSourceTransactionManagerAutoConfiguration$DataSourceTransactionManagerConfiguration, org.springframework.boot.autoconfigure.jdbc.DataSourceTransactionManagerAutoConfiguration, org.springframework.boot.autoconfigure.transaction.TransactionAutoConfiguration$TransactionTemplateConfiguration, transactionTemplate, org.springframework.boot.autoconfigure.transaction.TransactionAutoConfiguration, platformTransactionManagerCustomizers, spring.transaction-org.springframework.boot.autoconfigure.transaction.TransactionProperties, org.springframework.boot.autoconfigure.reactor.core.ReactorCoreAutoConfiguration, spring.reactor-org.springframework.boot.autoconfigure.reactor.core.ReactorCoreProperties, org.springframework.boot.autoconfigure.security.reactive.ReactiveSecurityAutoConfiguration, spring.security-org.springframework.boot.autoconfigure.security.SecurityProperties, org.springframework.boot.autoconfigure.thymeleaf.ThymeleafAutoConfiguration$ThymeleafJava8TimeDialect, java8TimeDialect, org.springframework.boot.autoconfigure.thymeleaf.ThymeleafAutoConfiguration$ThymeleafWebMvcConfiguration$ThymeleafViewResolverConfiguration, thymeleafViewResolver, org.springframework.boot.autoconfigure.thymeleaf.ThymeleafAutoConfiguration$ThymeleafWebMvcConfiguration, resourceUrlEncodingFilter, org.springframework.boot.autoconfigure.thymeleaf.ThymeleafAutoConfiguration$ThymeleafDefaultConfiguration, templateEngine, org.springframework.boot.autoconfigure.thymeleaf.ThymeleafAutoConfiguration$DefaultTemplateResolverConfiguration, defaultTemplateResolver, org.springframework.boot.autoconfigure.thymeleaf.ThymeleafAutoConfiguration, spring.thymeleaf-org.springframework.boot.autoconfigure.thymeleaf.ThymeleafProperties, org.springframework.boot.autoconfigure.web.client.RestTemplateAutoConfiguration, restTemplateBuilder, org.springframework.boot.autoconfigure.web.embedded.EmbeddedWebServerFactoryCustomizerAutoConfiguration$TomcatWebServerFactoryCustomizerConfiguration, tomcatWebServerFactoryCustomizer, org.springframework.boot.autoconfigure.web.embedded.EmbeddedWebServerFactoryCustomizerAutoConfiguration, org.springframework.boot.autoconfigure.web.servlet.HttpEncodingAutoConfiguration, characterEncodingFilter, localeCharsetMappingsCustomizer, org.springframework.boot.autoconfigure.web.servlet.MultipartAutoConfiguration, multipartConfigElement, multipartResolver, spring.servlet.multipart-org.springframework.boot.autoconfigure.web.servlet.MultipartProperties, org.springframework.boot.autoconfigure.websocket.servlet.WebSocketMessagingAutoConfiguration, autoConfigurationReport, org.springframework.boot.context.ContextIdApplicationContextInitializer$ContextId, springApplicationArguments, springBootBanner, springBootLoggingSystem, environment, systemProperties, systemEnvironment, org.springframework.context.annotation.ConfigurationClassPostProcessor.importRegistry, messageSource, applicationEventMulticaster, servletContext, contextParameters, contextAttributes]
	at org.springframework.beans.factory.support.DefaultListableBeanFactory.determinePrimaryCandidate(DefaultListableBeanFactory.java:1384)
	at org.springframework.beans.factory.support.DefaultListableBeanFactory.determineAutowireCandidate(DefaultListableBeanFactory.java:1344)
	at org.springframework.beans.factory.support.DefaultListableBeanFactory.doResolveDependency(DefaultListableBeanFactory.java:1113)
	at org.springframework.beans.factory.support.DefaultListableBeanFactory.resolveDependency(DefaultListableBeanFactory.java:1065)
	at org.springframework.beans.factory.annotation.AutowiredAnnotationBeanPostProcessor$AutowiredMethodElement.inject(AutowiredAnnotationBeanPostProcessor.java:660)
	... 19 common frames omitted
